#
# There is insufficient memory for the Java Runtime Environment to continue.
# Native memory allocation (malloc) failed to allocate 32744 bytes for ChunkPool::allocate
# Possible reasons:
#   The system is out of physical RAM or swap space
#   The process is running with CompressedOops enabled, and the Java Heap may be blocking the growth of the native heap
# Possible solutions:
#   Reduce memory load on the system
#   Increase physical memory or swap space
#   Check if swap backing store is full
#   Decrease Java heap size (-Xmx/-Xms)
#   Decrease number of Java threads
#   Decrease Java thread stack sizes (-Xss)
#   Set larger code cache with -XX:ReservedCodeCacheSize=
#   JVM is running with Unscaled Compressed Oops mode in which the Java heap is
#     placed in the first 4GB address space. The Java Heap base address is the
#     maximum limit for the native heap growth. Please use -XX:HeapBaseMinAddress
#     to set the Java Heap base and to place the Java Heap above 4GB virtual address.
# This output file may be truncated or incomplete.
#
#  Out of Memory Error (arena.cpp:78), pid=19980, tid=3424
#
# JRE version: OpenJDK Runtime Environment Temurin-17.0.4.1+1 (17.0.4.1+1) (build 17.0.4.1+1)
# Java VM: OpenJDK 64-Bit Server VM Temurin-17.0.4.1+1 (17.0.4.1+1, mixed mode, tiered, compressed oops, compressed class ptrs, parallel gc, windows-amd64)
# No core dump will be written. Minidumps are not enabled by default on client versions of Windows
#

---------------  S U M M A R Y ------------

Command Line: --add-modules=ALL-SYSTEM --add-opens=java.base/java.util=ALL-UNNAMED --add-opens=java.base/java.lang=ALL-UNNAMED --add-opens=java.base/sun.nio.fs=ALL-UNNAMED -Declipse.application=org.eclipse.jdt.ls.core.id1 -Dosgi.bundles.defaultStartLevel=4 -Declipse.product=org.eclipse.jdt.ls.core.product -Djava.import.generatesMetadataFilesAtProjectRoot=false -Dfile.encoding=utf8 -DwatchParentProcess=false -XX:+UseParallelGC -XX:GCTimeRatio=4 -XX:AdaptiveSizePolicyWeight=90 -Dsun.zip.disableMemoryMapping=true -Xmx1G -Xms100m -Xlog:disable -javaagent:c:\Users\BCD\.vscode\extensions\redhat.java-1.11.0-win32-x64\lombok\lombok-1.18.24.jar -XX:+HeapDumpOnOutOfMemoryError -XX:HeapDumpPath=c:\Users\BCD\AppData\Roaming\Code\User\workspaceStorage\eb5978d155c3014e01dbfc04f1fa3a00\redhat.java c:\Users\BCD\.vscode\extensions\redhat.java-1.11.0-win32-x64\server\plugins\org.eclipse.equinox.launcher_1.6.400.v20210924-0641.jar -configuration c:\Users\BCD\AppData\Roaming\Code\User\globalStorage\redhat.java\1.11.0\config_win -data c:\Users\BCD\AppData\Roaming\Code\User\workspaceStorage\eb5978d155c3014e01dbfc04f1fa3a00\redhat.java\jdt_ws

Host: Intel(R) Core(TM) i5-6300U CPU @ 2.40GHz, 4 cores, 7G,  Windows 10 , 64 bit Build 19041 (10.0.19041.1889)
Time: Mon Oct 17 10:07:27 2022 Greenwich Standard Time elapsed time: 2.406180 seconds (0d 0h 0m 2s)

---------------  T H R E A D  ---------------

Current thread (0x0000025a7f233730):  JavaThread "C1 CompilerThread0" daemon [_thread_in_native, id=3424, stack(0x0000007bb8200000,0x0000007bb8300000)]


Current CompileTask:
C1:   2406  539       3       sun.security.provider.ByteArrayAccess::b2iBig64 (231 bytes)

Stack: [0x0000007bb8200000,0x0000007bb8300000]
Native frames: (J=compiled Java code, j=interpreted, Vv=VM code, C=native code)
V  [jvm.dll+0x67731a]
V  [jvm.dll+0x832284]
V  [jvm.dll+0x833a2e]
V  [jvm.dll+0x834093]
V  [jvm.dll+0x245775]
V  [jvm.dll+0xabfc0]
V  [jvm.dll+0xac30c]
V  [jvm.dll+0x11c5f5]
V  [jvm.dll+0x180f86]
V  [jvm.dll+0x182a0d]
V  [jvm.dll+0x18209b]
V  [jvm.dll+0x149d8b]
V  [jvm.dll+0x134028]
V  [jvm.dll+0x1341b0]
V  [jvm.dll+0x134476]
V  [jvm.dll+0x13390a]
V  [jvm.dll+0x1355d1]
V  [jvm.dll+0x227498]
V  [jvm.dll+0x2255e5]
V  [jvm.dll+0x7e7e9b]
V  [jvm.dll+0x7e240a]
V  [jvm.dll+0x6761a5]
C  [ucrtbase.dll+0x21bb2]
C  [KERNEL32.DLL+0x17034]
C  [ntdll.dll+0x526a1]


---------------  P R O C E S S  ---------------

Threads class SMR info:
_java_thread_list=0x0000025a0ffa4f50, length=12, elements={
0x0000025a7a3e2690, 0x0000025a7f204750, 0x0000025a7f2054d0, 0x0000025a7f22a140,
0x0000025a7f22ede0, 0x0000025a7f230810, 0x0000025a7f2310d0, 0x0000025a7f231d70,
0x0000025a7f233730, 0x0000025a0fcc9930, 0x0000025a7f101320, 0x0000025a0ff1b230
}

Java Threads: ( => current thread )
  0x0000025a7a3e2690 JavaThread "main" [_thread_in_Java, id=15912, stack(0x0000007bb7800000,0x0000007bb7900000)]
  0x0000025a7f204750 JavaThread "Reference Handler" daemon [_thread_blocked, id=8584, stack(0x0000007bb7b00000,0x0000007bb7c00000)]
  0x0000025a7f2054d0 JavaThread "Finalizer" daemon [_thread_blocked, id=8564, stack(0x0000007bb7c00000,0x0000007bb7d00000)]
  0x0000025a7f22a140 JavaThread "Signal Dispatcher" daemon [_thread_blocked, id=20092, stack(0x0000007bb7d00000,0x0000007bb7e00000)]
  0x0000025a7f22ede0 JavaThread "Attach Listener" daemon [_thread_blocked, id=18128, stack(0x0000007bb7e00000,0x0000007bb7f00000)]
  0x0000025a7f230810 JavaThread "Service Thread" daemon [_thread_blocked, id=21132, stack(0x0000007bb7f00000,0x0000007bb8000000)]
  0x0000025a7f2310d0 JavaThread "Monitor Deflation Thread" daemon [_thread_blocked, id=15592, stack(0x0000007bb8000000,0x0000007bb8100000)]
  0x0000025a7f231d70 JavaThread "C2 CompilerThread0" daemon [_thread_in_native, id=20592, stack(0x0000007bb8100000,0x0000007bb8200000)]
=>0x0000025a7f233730 JavaThread "C1 CompilerThread0" daemon [_thread_in_native, id=3424, stack(0x0000007bb8200000,0x0000007bb8300000)]
  0x0000025a0fcc9930 JavaThread "Sweeper thread" daemon [_thread_blocked, id=10424, stack(0x0000007bb8300000,0x0000007bb8400000)]
  0x0000025a7f101320 JavaThread "Common-Cleaner" daemon [_thread_blocked, id=20064, stack(0x0000007bb8400000,0x0000007bb8500000)]
  0x0000025a0ff1b230 JavaThread "Notification Thread" daemon [_thread_blocked, id=7320, stack(0x0000007bb8500000,0x0000007bb8600000)]

Other Threads:
  0x0000025a7f1eb970 VMThread "VM Thread" [stack: 0x0000007bb7a00000,0x0000007bb7b00000] [id=19944]
  0x0000025a0ff1b700 WatcherThread [stack: 0x0000007bb8600000,0x0000007bb8700000] [id=24380]
  0x0000025a7a3f5e90 GCTaskThread "GC Thread#0" [stack: 0x0000007bb7900000,0x0000007bb7a00000] [id=17744]

Threads with active compile tasks:
C2 CompilerThread0     2456  527       4       lombok.patcher.PatchScript::classMatches (41 bytes)
C1 CompilerThread0     2456  539       3       sun.security.provider.ByteArrayAccess::b2iBig64 (231 bytes)

VM state: not at safepoint (normal execution)

VM Mutex/Monitor currently owned by a thread: None

Heap address: 0x00000000c0000000, size: 1024 MB, Compressed Oops mode: 32-bit

CDS archive(s) not mapped
Compressed class space mapped at: 0x0000000100000000-0x0000000140000000, reserved size: 1073741824
Narrow klass base: 0x0000000000000000, Narrow klass shift: 3, Narrow klass range: 0x140000000

GC Precious Log:
 CPUs: 4 total, 4 available
 Memory: 8072M
 Large Page Support: Disabled
 NUMA Support: Disabled
 Compressed Oops: Enabled (32-bit)
 Alignments: Space 512K, Generation 512K, Heap 2M
 Heap Min Capacity: 100M
 Heap Initial Capacity: 100M
 Heap Max Capacity: 1G
 Pre-touch: Disabled
 Parallel Workers: 4

Heap:
 PSYoungGen      total 29696K, used 12395K [0x00000000eab00000, 0x00000000ecc00000, 0x0000000100000000)
  eden space 25600K, 48% used [0x00000000eab00000,0x00000000eb71ae98,0x00000000ec400000)
  from space 4096K, 0% used [0x00000000ec800000,0x00000000ec800000,0x00000000ecc00000)
  to   space 4096K, 0% used [0x00000000ec400000,0x00000000ec400000,0x00000000ec800000)
 ParOldGen       total 68608K, used 0K [0x00000000c0000000, 0x00000000c4300000, 0x00000000eab00000)
  object space 68608K, 0% used [0x00000000c0000000,0x00000000c0000000,0x00000000c4300000)
 Metaspace       used 8421K, committed 8512K, reserved 1056768K
  class space    used 844K, committed 896K, reserved 1048576K

Card table byte_map: [0x0000025a79da0000,0x0000025a79fb0000] _byte_map_base: 0x0000025a797a0000

Marking Bits: (ParMarkBitMap*) 0x00007ff841ab2cc0
 Begin Bits: [0x0000025a7d080000, 0x0000025a7e080000)
 End Bits:   [0x0000025a7e080000, 0x0000025a7f080000)

Polling page: 0x0000025a783b0000

Metaspace:

Usage:
  Non-class:      7.40 MB used.
      Class:    844.18 KB used.
       Both:      8.22 MB used.

Virtual space:
  Non-class space:        8.00 MB reserved,       7.44 MB ( 93%) committed,  1 nodes.
      Class space:        1.00 GB reserved,     896.00 KB ( <1%) committed,  1 nodes.
             Both:        1.01 GB reserved,       8.31 MB ( <1%) committed. 

Chunk freelists:
   Non-Class:  0 bytes
       Class:  3.09 MB
        Both:  3.09 MB

MaxMetaspaceSize: unlimited
CompressedClassSpaceSize: 1.00 GB
Initial GC threshold: 21.00 MB
Current GC threshold: 21.00 MB
CDS: off
MetaspaceReclaimPolicy: balanced
 - commit_granule_bytes: 65536.
 - commit_granule_words: 8192.
 - virtual_space_node_default_size: 1048576.
 - enlarge_chunks_in_place: 1.
 - new_chunks_are_fully_committed: 0.
 - uncommit_free_chunks: 1.
 - use_allocation_guard: 0.
 - handle_deallocations: 1.


Internal statistics:

num_allocs_failed_limit: 0.
num_arena_births: 10.
num_arena_deaths: 0.
num_vsnodes_births: 2.
num_vsnodes_deaths: 0.
num_space_committed: 133.
num_space_uncommitted: 0.
num_chunks_returned_to_freelist: 0.
num_chunks_taken_from_freelist: 38.
num_chunk_merges: 0.
num_chunk_splits: 20.
num_chunks_enlarged: 17.
num_purges: 0.
num_inconsistent_stats: 0.

CodeHeap 'non-profiled nmethods': size=120000Kb used=178Kb max_used=178Kb free=119821Kb
 bounds [0x0000025a07ad0000, 0x0000025a07d40000, 0x0000025a0f000000]
CodeHeap 'profiled nmethods': size=120000Kb used=757Kb max_used=757Kb free=119242Kb
 bounds [0x0000025a005a0000, 0x0000025a00810000, 0x0000025a07ad0000]
CodeHeap 'non-nmethods': size=5760Kb used=1126Kb max_used=1142Kb free=4633Kb
 bounds [0x0000025a00000000, 0x0000025a00270000, 0x0000025a005a0000]
 total_blobs=949 nmethods=535 adapters=329
 compilation: enabled
              stopped_count=0, restarted_count=0
 full_count=0

Compilation events (20 events):
Event: 2.394 Thread 0x0000025a7f231d70  527       4       lombok.patcher.PatchScript::classMatches (41 bytes)
Event: 2.395 Thread 0x0000025a7f233730  528       3       java.util.Arrays::copyOf (40 bytes)
Event: 2.396 Thread 0x0000025a7f233730 nmethod 528 0x0000025a0065a410 code [0x0000025a0065a600, 0x0000025a0065aca8]
Event: 2.396 Thread 0x0000025a7f233730  529       3       java.util.HashMap$EntryIterator::next (5 bytes)
Event: 2.396 Thread 0x0000025a7f233730 nmethod 529 0x0000025a0065ae90 code [0x0000025a0065b040, 0x0000025a0065b1c8]
Event: 2.396 Thread 0x0000025a7f233730  530       3       java.util.HashMap$EntryIterator::next (5 bytes)
Event: 2.396 Thread 0x0000025a7f233730 nmethod 530 0x0000025a0065b290 code [0x0000025a0065b420, 0x0000025a0065b568]
Event: 2.396 Thread 0x0000025a7f233730  532       3       java.lang.String::valueOf (15 bytes)
Event: 2.397 Thread 0x0000025a7f233730 nmethod 532 0x0000025a0065b610 code [0x0000025a0065b7c0, 0x0000025a0065b9c8]
Event: 2.397 Thread 0x0000025a7f233730  533       3       java.security.Provider$ServiceKey::<init> (39 bytes)
Event: 2.397 Thread 0x0000025a7f233730 nmethod 533 0x0000025a0065ba90 code [0x0000025a0065bc80, 0x0000025a0065c0c8]
Event: 2.397 Thread 0x0000025a7f233730  534       3       java.security.Provider$ServiceKey::hashCode (19 bytes)
Event: 2.397 Thread 0x0000025a7f233730 nmethod 534 0x0000025a0065c290 code [0x0000025a0065c440, 0x0000025a0065c5d8]
Event: 2.397 Thread 0x0000025a7f233730  536       1       java.security.Provider$UString::toString (5 bytes)
Event: 2.397 Thread 0x0000025a7f233730 nmethod 536 0x0000025a07afc290 code [0x0000025a07afc420, 0x0000025a07afc4f8]
Event: 2.397 Thread 0x0000025a7f233730  537       1       java.security.Provider$Service::getProvider (5 bytes)
Event: 2.397 Thread 0x0000025a7f233730 nmethod 537 0x0000025a07afc590 code [0x0000025a07afc720, 0x0000025a07afc7f8]
Event: 2.398 Thread 0x0000025a7f233730  538       3       sun.security.provider.SHA2::implCompress0 (490 bytes)
Event: 2.399 Thread 0x0000025a7f233730 nmethod 538 0x0000025a0065c710 code [0x0000025a0065c900, 0x0000025a0065d168]
Event: 2.400 Thread 0x0000025a7f233730  539       3       sun.security.provider.ByteArrayAccess::b2iBig64 (231 bytes)

GC Heap History (0 events):
No events

Deoptimization events (20 events):
Event: 1.959 Thread 0x0000025a7a3e2690 DEOPT PACKING pc=0x0000025a005b4313 sp=0x0000007bb78fc940
Event: 1.959 Thread 0x0000025a7a3e2690 DEOPT UNPACKING pc=0x0000025a00052843 sp=0x0000007bb78fbe00 mode 0
Event: 1.963 Thread 0x0000025a7a3e2690 DEOPT PACKING pc=0x0000025a005b4313 sp=0x0000007bb78fc7a0
Event: 1.963 Thread 0x0000025a7a3e2690 DEOPT UNPACKING pc=0x0000025a00052843 sp=0x0000007bb78fbc60 mode 0
Event: 1.968 Thread 0x0000025a7a3e2690 DEOPT PACKING pc=0x0000025a005b4313 sp=0x0000007bb78fb080
Event: 1.968 Thread 0x0000025a7a3e2690 DEOPT UNPACKING pc=0x0000025a00052843 sp=0x0000007bb78fa540 mode 0
Event: 1.970 Thread 0x0000025a7a3e2690 DEOPT PACKING pc=0x0000025a005b4313 sp=0x0000007bb78f9720
Event: 1.970 Thread 0x0000025a7a3e2690 DEOPT UNPACKING pc=0x0000025a00052843 sp=0x0000007bb78f8be0 mode 0
Event: 1.972 Thread 0x0000025a7a3e2690 DEOPT PACKING pc=0x0000025a005b4313 sp=0x0000007bb78f9710
Event: 1.972 Thread 0x0000025a7a3e2690 DEOPT UNPACKING pc=0x0000025a00052843 sp=0x0000007bb78f8bd0 mode 0
Event: 1.974 Thread 0x0000025a7a3e2690 DEOPT PACKING pc=0x0000025a005b423a sp=0x0000007bb78fabf0
Event: 1.974 Thread 0x0000025a7a3e2690 DEOPT UNPACKING pc=0x0000025a00052843 sp=0x0000007bb78fa0a0 mode 0
Event: 2.166 Thread 0x0000025a7a3e2690 Uncommon trap: trap_request=0xffffff45 fr.pc=0x0000025a07ae4044 relative=0x00000000000000c4
Event: 2.166 Thread 0x0000025a7a3e2690 Uncommon trap: reason=unstable_if action=reinterpret pc=0x0000025a07ae4044 method=java.net.URI.match(CJJ)Z @ 45 c2
Event: 2.166 Thread 0x0000025a7a3e2690 DEOPT PACKING pc=0x0000025a07ae4044 sp=0x0000007bb78fc7d0
Event: 2.166 Thread 0x0000025a7a3e2690 DEOPT UNPACKING pc=0x0000025a000520a3 sp=0x0000007bb78fc758 mode 2
Event: 2.180 Thread 0x0000025a7a3e2690 Uncommon trap: trap_request=0xffffff45 fr.pc=0x0000025a07af37d8 relative=0x0000000000000678
Event: 2.180 Thread 0x0000025a7a3e2690 Uncommon trap: reason=unstable_if action=reinterpret pc=0x0000025a07af37d8 method=java.lang.String.replace(Ljava/lang/CharSequence;Ljava/lang/CharSequence;)Ljava/lang/String; @ 48 c2
Event: 2.180 Thread 0x0000025a7a3e2690 DEOPT PACKING pc=0x0000025a07af37d8 sp=0x0000007bb78fc750
Event: 2.180 Thread 0x0000025a7a3e2690 DEOPT UNPACKING pc=0x0000025a000520a3 sp=0x0000007bb78fc6d0 mode 2

Classes unloaded (0 events):
No events

Classes redefined (0 events):
No events

Internal exceptions (3 events):
Event: 0.893 Thread 0x0000025a7a3e2690 Exception <a 'java/lang/NoSuchMethodError'{0x00000000eac32120}: 'void java.lang.invoke.DirectMethodHandle$Holder.invokeStatic(java.lang.Object, java.lang.Object, java.lang.Object)'> (0x00000000eac32120) 
thrown [s\src\hotspot\share\interpreter\linkResolver.cpp, line 759]
Event: 1.158 Thread 0x0000025a7a3e2690 Implicit null exception at 0x0000025a07adce55 to 0x0000025a07adcfc0
Event: 1.591 Thread 0x0000025a7a3e2690 Exception <a 'java/lang/reflect/InvocationTargetException'{0x00000000eaf77f98}> (0x00000000eaf77f98) 
thrown [s\src\hotspot\share\runtime\reflection.cpp, line 1121]

VM Operations (8 events):
Event: 0.904 Executing VM operation: HandshakeAllThreads
Event: 0.905 Executing VM operation: HandshakeAllThreads done
Event: 1.459 Executing VM operation: HandshakeAllThreads
Event: 1.459 Executing VM operation: HandshakeAllThreads done
Event: 1.459 Executing VM operation: Cleanup
Event: 1.459 Executing VM operation: Cleanup done
Event: 2.390 Executing VM operation: HandshakeAllThreads
Event: 2.390 Executing VM operation: HandshakeAllThreads done

Events (20 events):
Event: 2.388 loading class sun/security/util/KeyUtil
Event: 2.388 loading class sun/security/util/KeyUtil done
Event: 2.388 loading class sun/security/util/Length
Event: 2.388 loading class sun/security/util/Length done
Event: 2.388 loading class javax/crypto/SecretKey
Event: 2.389 loading class javax/crypto/SecretKey done
Event: 2.389 loading class java/util/LinkedHashMap$LinkedEntrySet
Event: 2.389 loading class java/util/LinkedHashMap$LinkedEntrySet done
Event: 2.389 loading class java/util/LinkedHashMap$LinkedEntryIterator
Event: 2.389 loading class java/util/LinkedHashMap$LinkedEntryIterator done
Event: 2.392 loading class java/util/Base64
Event: 2.393 loading class java/util/Base64 done
Event: 2.393 loading class java/util/Base64$Decoder
Event: 2.394 loading class java/util/Base64$Decoder done
Event: 2.394 loading class java/util/Base64$Encoder
Event: 2.394 loading class java/util/Base64$Encoder done
Event: 2.395 loading class java/util/jar/JarVerifier$VerifierStream
Event: 2.395 loading class java/util/jar/JarVerifier$VerifierStream done
Event: 2.395 loading class sun/security/util/ManifestEntryVerifier$SunProviderHolder
Event: 2.395 loading class sun/security/util/ManifestEntryVerifier$SunProviderHolder done


Dynamic libraries:
0x00007ff723050000 - 0x00007ff72305e000 	c:\Users\BCD\.vscode\extensions\redhat.java-1.11.0-win32-x64\jre\17.0.4.1-win32-x86_64\bin\java.exe
0x00007ff8bc7b0000 - 0x00007ff8bc9a8000 	C:\Windows\SYSTEM32\ntdll.dll
0x00007ff8bb6b0000 - 0x00007ff8bb76d000 	C:\Windows\System32\KERNEL32.DLL
0x00007ff8ba190000 - 0x00007ff8ba462000 	C:\Windows\System32\KERNELBASE.dll
0x00007ff8b9ff0000 - 0x00007ff8ba0f0000 	C:\Windows\System32\ucrtbase.dll
0x00007ff8a1030000 - 0x00007ff8a1048000 	c:\Users\BCD\.vscode\extensions\redhat.java-1.11.0-win32-x64\jre\17.0.4.1-win32-x86_64\bin\jli.dll
0x00007ff8a0fa0000 - 0x00007ff8a0fb9000 	c:\Users\BCD\.vscode\extensions\redhat.java-1.11.0-win32-x64\jre\17.0.4.1-win32-x86_64\bin\VCRUNTIME140.dll
0x00007ff8bace0000 - 0x00007ff8bae7d000 	C:\Windows\System32\USER32.dll
0x00007ff8ba620000 - 0x00007ff8ba642000 	C:\Windows\System32\win32u.dll
0x00007ff8bb680000 - 0x00007ff8bb6ab000 	C:\Windows\System32\GDI32.dll
0x00007ff8ba650000 - 0x00007ff8ba75f000 	C:\Windows\System32\gdi32full.dll
0x00007ff8ba0f0000 - 0x00007ff8ba18d000 	C:\Windows\System32\msvcp_win.dll
0x00007ff8a3080000 - 0x00007ff8a331a000 	C:\Windows\WinSxS\amd64_microsoft.windows.common-controls_6595b64144ccf1df_6.0.19041.1110_none_60b5254171f9507e\COMCTL32.dll
0x00007ff8bb910000 - 0x00007ff8bb9ae000 	C:\Windows\System32\msvcrt.dll
0x00007ff8bb0f0000 - 0x00007ff8bb120000 	C:\Windows\System32\IMM32.DLL
0x00007ff8a5970000 - 0x00007ff8a597c000 	c:\Users\BCD\.vscode\extensions\redhat.java-1.11.0-win32-x64\jre\17.0.4.1-win32-x86_64\bin\vcruntime140_1.dll
0x00007ff880400000 - 0x00007ff880491000 	c:\Users\BCD\.vscode\extensions\redhat.java-1.11.0-win32-x64\jre\17.0.4.1-win32-x86_64\bin\msvcp140.dll
0x00007ff840f30000 - 0x00007ff841b76000 	c:\Users\BCD\.vscode\extensions\redhat.java-1.11.0-win32-x64\jre\17.0.4.1-win32-x86_64\bin\server\jvm.dll
0x00007ff8bc640000 - 0x00007ff8bc6ee000 	C:\Windows\System32\ADVAPI32.dll
0x00007ff8bb480000 - 0x00007ff8bb51c000 	C:\Windows\System32\sechost.dll
0x00007ff8bafb0000 - 0x00007ff8bb0d5000 	C:\Windows\System32\RPCRT4.dll
0x00007ff8bb580000 - 0x00007ff8bb588000 	C:\Windows\System32\PSAPI.DLL
0x00007ff8915e0000 - 0x00007ff8915e9000 	C:\Windows\SYSTEM32\WSOCK32.dll
0x00007ff8bc5d0000 - 0x00007ff8bc63b000 	C:\Windows\System32\WS2_32.dll
0x00007ff8a21c0000 - 0x00007ff8a21e7000 	C:\Windows\SYSTEM32\WINMM.dll
0x00007ff8adde0000 - 0x00007ff8addea000 	C:\Windows\SYSTEM32\VERSION.dll
0x00007ff8b8710000 - 0x00007ff8b8722000 	C:\Windows\SYSTEM32\kernel.appcore.dll
0x00007ff8a0f90000 - 0x00007ff8a0f9a000 	c:\Users\BCD\.vscode\extensions\redhat.java-1.11.0-win32-x64\jre\17.0.4.1-win32-x86_64\bin\jimage.dll
0x00007ff8b4ae0000 - 0x00007ff8b4cc4000 	C:\Windows\SYSTEM32\DBGHELP.DLL
0x00007ff8a53d0000 - 0x00007ff8a53fc000 	C:\Windows\SYSTEM32\dbgcore.DLL
0x00007ff8b9ec0000 - 0x00007ff8b9f42000 	C:\Windows\System32\bcryptPrimitives.dll
0x00007ff89d970000 - 0x00007ff89d97e000 	c:\Users\BCD\.vscode\extensions\redhat.java-1.11.0-win32-x64\jre\17.0.4.1-win32-x86_64\bin\instrument.dll
0x00007ff8966f0000 - 0x00007ff896715000 	c:\Users\BCD\.vscode\extensions\redhat.java-1.11.0-win32-x64\jre\17.0.4.1-win32-x86_64\bin\java.dll
0x00007ff881250000 - 0x00007ff881268000 	c:\Users\BCD\.vscode\extensions\redhat.java-1.11.0-win32-x64\jre\17.0.4.1-win32-x86_64\bin\zip.dll
0x00007ff8bb9b0000 - 0x00007ff8bc0f3000 	C:\Windows\System32\SHELL32.dll
0x00007ff8b7f30000 - 0x00007ff8b86c1000 	C:\Windows\SYSTEM32\windows.storage.dll
0x00007ff8bb120000 - 0x00007ff8bb474000 	C:\Windows\System32\combase.dll
0x00007ff8b9840000 - 0x00007ff8b9870000 	C:\Windows\SYSTEM32\Wldp.dll
0x00007ff8bb850000 - 0x00007ff8bb8fd000 	C:\Windows\System32\SHCORE.dll
0x00007ff8bc570000 - 0x00007ff8bc5c5000 	C:\Windows\System32\shlwapi.dll
0x00007ff8b9e00000 - 0x00007ff8b9e1f000 	C:\Windows\SYSTEM32\profapi.dll
0x00007ff8876d0000 - 0x00007ff8876e9000 	C:\Users\BCD\.vscode\extensions\redhat.java-1.11.0-win32-x64\jre\17.0.4.1-win32-x86_64\bin\net.dll
0x00007ff8a7af0000 - 0x00007ff8a7bfd000 	C:\Windows\SYSTEM32\WINHTTP.dll
0x00007ff8b95a0000 - 0x00007ff8b960a000 	C:\Windows\system32\mswsock.dll
0x00007ff882600000 - 0x00007ff882615000 	C:\Users\BCD\.vscode\extensions\redhat.java-1.11.0-win32-x64\jre\17.0.4.1-win32-x86_64\bin\nio.dll
0x00007ff89d960000 - 0x00007ff89d970000 	c:\Users\BCD\.vscode\extensions\redhat.java-1.11.0-win32-x64\jre\17.0.4.1-win32-x86_64\bin\verify.dll

dbghelp: loaded successfully - version: 4.0.5 - missing functions: none
symbol engine: initialized successfully - sym options: 0x614 - pdb path: .;c:\Users\BCD\.vscode\extensions\redhat.java-1.11.0-win32-x64\jre\17.0.4.1-win32-x86_64\bin;C:\Windows\SYSTEM32;C:\Windows\WinSxS\amd64_microsoft.windows.common-controls_6595b64144ccf1df_6.0.19041.1110_none_60b5254171f9507e;c:\Users\BCD\.vscode\extensions\redhat.java-1.11.0-win32-x64\jre\17.0.4.1-win32-x86_64\bin\server

VM Arguments:
jvm_args: --add-modules=ALL-SYSTEM --add-opens=java.base/java.util=ALL-UNNAMED --add-opens=java.base/java.lang=ALL-UNNAMED --add-opens=java.base/sun.nio.fs=ALL-UNNAMED -Declipse.application=org.eclipse.jdt.ls.core.id1 -Dosgi.bundles.defaultStartLevel=4 -Declipse.product=org.eclipse.jdt.ls.core.product -Djava.import.generatesMetadataFilesAtProjectRoot=false -Dfile.encoding=utf8 -DwatchParentProcess=false -XX:+UseParallelGC -XX:GCTimeRatio=4 -XX:AdaptiveSizePolicyWeight=90 -Dsun.zip.disableMemoryMapping=true -Xmx1G -Xms100m -Xlog:disable -javaagent:c:\Users\BCD\.vscode\extensions\redhat.java-1.11.0-win32-x64\lombok\lombok-1.18.24.jar -XX:+HeapDumpOnOutOfMemoryError -XX:HeapDumpPath=c:\Users\BCD\AppData\Roaming\Code\User\workspaceStorage\eb5978d155c3014e01dbfc04f1fa3a00\redhat.java 
java_command: c:\Users\BCD\.vscode\extensions\redhat.java-1.11.0-win32-x64\server\plugins\org.eclipse.equinox.launcher_1.6.400.v20210924-0641.jar -configuration c:\Users\BCD\AppData\Roaming\Code\User\globalStorage\redhat.java\1.11.0\config_win -data c:\Users\BCD\AppData\Roaming\Code\User\workspaceStorage\eb5978d155c3014e01dbfc04f1fa3a00\redhat.java\jdt_ws
java_class_path (initial): c:\Users\BCD\.vscode\extensions\redhat.java-1.11.0-win32-x64\server\plugins\org.eclipse.equinox.launcher_1.6.400.v20210924-0641.jar
Launcher Type: SUN_STANDARD

[Global flags]
    uintx AdaptiveSizePolicyWeight                 = 90                                        {product} {command line}
     intx CICompilerCount                          = 3                                         {product} {ergonomic}
    uintx GCTimeRatio                              = 4                                         {product} {command line}
     bool HeapDumpOnOutOfMemoryError               = true                                   {manageable} {command line}
    ccstr HeapDumpPath                             = c:\Users\BCD\AppData\Roaming\Code\User\workspaceStorage\eb5978d155c3014e01dbfc04f1fa3a00\redhat.java         {manageable} {command line}
   size_t InitialHeapSize                          = 104857600                                 {product} {command line}
   size_t MaxHeapSize                              = 1073741824                                {product} {command line}
   size_t MaxNewSize                               = 357564416                                 {product} {ergonomic}
   size_t MinHeapDeltaBytes                        = 524288                                    {product} {ergonomic}
   size_t MinHeapSize                              = 104857600                                 {product} {command line}
   size_t NewSize                                  = 34603008                                  {product} {ergonomic}
    uintx NonNMethodCodeHeapSize                   = 5832780                                {pd product} {ergonomic}
    uintx NonProfiledCodeHeapSize                  = 122912730                              {pd product} {ergonomic}
   size_t OldSize                                  = 70254592                                  {product} {ergonomic}
    uintx ProfiledCodeHeapSize                     = 122912730                              {pd product} {ergonomic}
    uintx ReservedCodeCacheSize                    = 251658240                              {pd product} {ergonomic}
     bool SegmentedCodeCache                       = true                                      {product} {ergonomic}
   size_t SoftMaxHeapSize                          = 1073741824                             {manageable} {ergonomic}
     bool UseCompressedClassPointers               = true                           {product lp64_product} {ergonomic}
     bool UseCompressedOops                        = true                           {product lp64_product} {ergonomic}
     bool UseLargePagesIndividualAllocation        = false                                  {pd product} {ergonomic}
     bool UseParallelGC                            = true                                      {product} {command line}

Logging:
Log output configuration:
 #0: stdout all=off uptime,level,tags
 #1: stderr all=off uptime,level,tags

Environment Variables:
JAVA_HOME=C:\Program Files\Eclipse Adoptium\jdk-17.0.4.101-hotspot\
PATH=C:\Program Files\Eclipse Adoptium\jdk-17.0.4.101-hotspot\bin;C:\Program Files (x86)\Common Files\Oracle\Java\javapath;C:\Python310\Scripts\;C:\Python310\;C:\Windows\system32;C:\Windows;C:\Windows\System32\Wbem;C:\Windows\System32\WindowsPowerShell\v1.0\;C:\Windows\System32\OpenSSH\;C:\Program Files\nodejs\;C:\ProgramData\chocolatey\bin;C:\Users\BCD\AppData\Local\Programs\mongosh\mongosh.exe;C:\Program Files\Docker\Docker\resources\bin;C:\ProgramData\DockerDesktop\version-bin;C:\Program Files\PuTTY\;C:\Program Files\Git\cmd;C:\Users\BCD\AppData\Local\Microsoft\WindowsApps;;C:\Users\BCD\AppData\Roaming\npm;C:\Users\BCD\AppData\Local\Programs\mongosh\;C:\Users\BCD\AppData\Local\Programs\Microsoft VS Code\bin
USERNAME=BCD
OS=Windows_NT
PROCESSOR_IDENTIFIER=Intel64 Family 6 Model 78 Stepping 3, GenuineIntel
TMP=C:\Users\BCD\AppData\Local\Temp
TEMP=C:\Users\BCD\AppData\Local\Temp



---------------  S Y S T E M  ---------------

OS:
 Windows 10 , 64 bit Build 19041 (10.0.19041.1889)
OS uptime: 2 days 14:56 hours

CPU: total 4 (initial active 4) (2 cores per cpu, 2 threads per core) family 6 model 78 stepping 3 microcode 0xcc, cx8, cmov, fxsr, ht, mmx, 3dnowpref, sse, sse2, sse3, ssse3, sse4.1, sse4.2, popcnt, lzcnt, tsc, tscinvbit, avx, avx2, aes, erms, clmul, bmi1, bmi2, rtm, adx, fma, vzeroupper, clflush, clflushopt

Memory: 4k page, system-wide physical 8072M (195M free)
TotalPageFile size 30759M (AvailPageFile size 1M)
current process WorkingSet (physical memory assigned to process): 51M, peak: 51M
current process commit charge ("private bytes"): 180M, peak: 180M

vm_info: OpenJDK 64-Bit Server VM (17.0.4.1+1) for windows-amd64 JRE (17.0.4.1+1), built on Aug 17 2022 07:42:43 by "temurin" with MS VC++ 16.7 (VS2019)

END.
