#
# There is insufficient memory for the Java Runtime Environment to continue.
# Native memory allocation (mmap) failed to map 65536 bytes for Failed to commit metaspace.
# Possible reasons:
#   The system is out of physical RAM or swap space
#   The process is running with CompressedOops enabled, and the Java Heap may be blocking the growth of the native heap
# Possible solutions:
#   Reduce memory load on the system
#   Increase physical memory or swap space
#   Check if swap backing store is full
#   Decrease Java heap size (-Xmx/-Xms)
#   Decrease number of Java threads
#   Decrease Java thread stack sizes (-Xss)
#   Set larger code cache with -XX:ReservedCodeCacheSize=
#   JVM is running with Unscaled Compressed Oops mode in which the Java heap is
#     placed in the first 4GB address space. The Java Heap base address is the
#     maximum limit for the native heap growth. Please use -XX:HeapBaseMinAddress
#     to set the Java Heap base and to place the Java Heap above 4GB virtual address.
# This output file may be truncated or incomplete.
#
#  Out of Memory Error (virtualSpaceNode.cpp:110), pid=16624, tid=19272
#
# JRE version: OpenJDK Runtime Environment Temurin-17.0.4.1+1 (17.0.4.1+1) (build 17.0.4.1+1)
# Java VM: OpenJDK 64-Bit Server VM Temurin-17.0.4.1+1 (17.0.4.1+1, mixed mode, tiered, compressed oops, compressed class ptrs, parallel gc, windows-amd64)
# No core dump will be written. Minidumps are not enabled by default on client versions of Windows
#

---------------  S U M M A R Y ------------

Command Line: --add-modules=ALL-SYSTEM --add-opens=java.base/java.util=ALL-UNNAMED --add-opens=java.base/java.lang=ALL-UNNAMED --add-opens=java.base/sun.nio.fs=ALL-UNNAMED -Declipse.application=org.eclipse.jdt.ls.core.id1 -Dosgi.bundles.defaultStartLevel=4 -Declipse.product=org.eclipse.jdt.ls.core.product -Djava.import.generatesMetadataFilesAtProjectRoot=false -Dfile.encoding=utf8 -DwatchParentProcess=false -XX:+UseParallelGC -XX:GCTimeRatio=4 -XX:AdaptiveSizePolicyWeight=90 -Dsun.zip.disableMemoryMapping=true -Xmx1G -Xms100m -Xlog:disable -javaagent:c:\Users\BCD\.vscode\extensions\redhat.java-1.11.0-win32-x64\lombok\lombok-1.18.24.jar c:\Users\BCD\.vscode\extensions\redhat.java-1.11.0-win32-x64\server\plugins\org.eclipse.equinox.launcher_1.6.400.v20210924-0641.jar -configuration c:\Users\BCD\AppData\Roaming\Code\User\globalStorage\redhat.java\1.11.0\config_ss_win -data c:\Users\BCD\AppData\Roaming\Code\User\workspaceStorage\eb5978d155c3014e01dbfc04f1fa3a00\redhat.java\ss_ws

Host: Intel(R) Core(TM) i5-6300U CPU @ 2.40GHz, 4 cores, 7G,  Windows 10 , 64 bit Build 19041 (10.0.19041.1889)
Time: Mon Oct 17 10:07:23 2022 Greenwich Standard Time elapsed time: 7.670192 seconds (0d 0h 0m 7s)

---------------  T H R E A D  ---------------

Current thread (0x000002cc7a2dfb20):  JavaThread "Start Level: Equinox Container: d7ae3022-50ae-496f-a418-9ef6f2378c37" daemon [_thread_in_vm, id=19272, stack(0x000000d213a00000,0x000000d213b00000)]

Stack: [0x000000d213a00000,0x000000d213b00000]
Native frames: (J=compiled Java code, j=interpreted, Vv=VM code, C=native code)
V  [jvm.dll+0x67731a]
V  [jvm.dll+0x832284]
V  [jvm.dll+0x833a2e]
V  [jvm.dll+0x834093]
V  [jvm.dll+0x245775]
V  [jvm.dll+0x82e22b]
V  [jvm.dll+0x61bdf6]
V  [jvm.dll+0x1c07be]
V  [jvm.dll+0x61e741]
V  [jvm.dll+0x61c796]
V  [jvm.dll+0x6265e7]
V  [jvm.dll+0x1ea5db]
V  [jvm.dll+0x1eab15]
V  [jvm.dll+0x1eb54f]
V  [jvm.dll+0x1e09f1]
V  [jvm.dll+0x53c910]
V  [jvm.dll+0x7ad138]
V  [jvm.dll+0x7ad224]
V  [jvm.dll+0x40ccd5]
V  [jvm.dll+0x412ec8]
C  [java.dll+0x17ec]

Java frames: (J=compiled Java code, j=interpreted, Vv=VM code)
J 1051  java.lang.ClassLoader.defineClass1(Ljava/lang/ClassLoader;Ljava/lang/String;[BIILjava/security/ProtectionDomain;Ljava/lang/String;)Ljava/lang/Class; java.base@17.0.4.1 (0 bytes) @ 0x000002cc07b2ee5b [0x000002cc07b2eda0+0x00000000000000bb]
J 1055 c1 java.lang.ClassLoader.defineClass(Ljava/lang/String;[BIILjava/security/ProtectionDomain;)Ljava/lang/Class; java.base@17.0.4.1 (43 bytes) @ 0x000002cc0076d7c4 [0x000002cc0076d480+0x0000000000000344]
j  org.eclipse.osgi.internal.loader.ModuleClassLoader.defineClass(Ljava/lang/String;[BLorg/eclipse/osgi/internal/loader/classpath/ClasspathEntry;)Lorg/eclipse/osgi/internal/loader/ModuleClassLoader$DefineClassResult;+42
j  org.eclipse.osgi.internal.loader.classpath.ClasspathManager.defineClass(Ljava/lang/String;[BLorg/eclipse/osgi/internal/loader/classpath/ClasspathEntry;Lorg/eclipse/osgi/storage/bundlefile/BundleEntry;Ljava/util/List;)Ljava/lang/Class;+424
j  org.eclipse.osgi.internal.loader.classpath.ClasspathManager.findClassImpl(Ljava/lang/String;Lorg/eclipse/osgi/internal/loader/classpath/ClasspathEntry;Ljava/util/List;)Ljava/lang/Class;+269
j  org.eclipse.osgi.internal.loader.classpath.ClasspathManager.findLocalClassImpl(Ljava/lang/String;[Lorg/eclipse/osgi/internal/loader/classpath/ClasspathEntry;Ljava/util/List;)Ljava/lang/Class;+30
j  org.eclipse.osgi.internal.loader.classpath.ClasspathManager.findLocalClassImpl(Ljava/lang/String;Ljava/util/List;)Ljava/lang/Class;+69
j  org.eclipse.osgi.internal.loader.classpath.ClasspathManager.findLocalClass(Ljava/lang/String;)Ljava/lang/Class;+113
j  org.eclipse.osgi.internal.loader.ModuleClassLoader.findLocalClass(Ljava/lang/String;)Ljava/lang/Class;+5
j  org.eclipse.osgi.internal.loader.BundleLoader.findLocalClass(Ljava/lang/String;)Ljava/lang/Class;+57
j  org.eclipse.osgi.internal.loader.BundleLoader.findClass0(Ljava/lang/String;ZZ)Ljava/lang/Class;+309
j  org.eclipse.osgi.internal.loader.BundleLoader.findClass(Ljava/lang/String;)Ljava/lang/Class;+4
j  org.eclipse.osgi.internal.loader.ModuleClassLoader.loadClass(Ljava/lang/String;Z)Ljava/lang/Class;+21
J 784 c1 java.lang.ClassLoader.loadClass(Ljava/lang/String;)Ljava/lang/Class; java.base@17.0.4.1 (7 bytes) @ 0x000002cc006d7c3c [0x000002cc006d7b40+0x00000000000000fc]
v  ~StubRoutines::call_stub
j  org.eclipse.core.internal.runtime.Activator.getPlatformWriter(Lorg/osgi/framework/BundleContext;)Lorg/eclipse/core/internal/runtime/PlatformLogWriter;+97
j  org.eclipse.core.internal.runtime.Activator.start(Lorg/osgi/framework/BundleContext;)V+10
j  org.eclipse.osgi.internal.framework.BundleContextImpl$2.run()Ljava/lang/Void;+23
j  org.eclipse.osgi.internal.framework.BundleContextImpl$2.run()Ljava/lang/Object;+1
J 1195 c1 java.security.AccessController.executePrivileged(Ljava/security/PrivilegedExceptionAction;Ljava/security/AccessControlContext;Ljava/lang/Class;)Ljava/lang/Object; java.base@17.0.4.1 (65 bytes) @ 0x000002cc007b1ab4 [0x000002cc007b1960+0x0000000000000154]
j  java.security.AccessController.doPrivileged(Ljava/security/PrivilegedExceptionAction;)Ljava/lang/Object;+9 java.base@17.0.4.1
j  org.eclipse.osgi.internal.framework.BundleContextImpl.startActivator(Lorg/osgi/framework/BundleActivator;)V+9
j  org.eclipse.osgi.internal.framework.BundleContextImpl.start()V+134
j  org.eclipse.osgi.internal.framework.EquinoxBundle.startWorker0()V+35
j  org.eclipse.osgi.internal.framework.EquinoxBundle$EquinoxModule.startWorker()V+4
j  org.eclipse.osgi.container.Module.doStart([Lorg/eclipse/osgi/container/Module$StartOptions;)Lorg/eclipse/osgi/container/ModuleContainerAdaptor$ModuleEvent;+190
j  org.eclipse.osgi.container.Module.start([Lorg/eclipse/osgi/container/Module$StartOptions;)V+460
j  org.eclipse.osgi.container.ModuleContainer$ContainerStartLevel$2.run()V+71
j  org.eclipse.osgi.internal.framework.EquinoxContainerAdaptor$1$1.execute(Ljava/lang/Runnable;)V+1
j  org.eclipse.osgi.container.ModuleContainer$ContainerStartLevel.incStartLevel(ILjava/util/List;Z)V+192
j  org.eclipse.osgi.container.ModuleContainer$ContainerStartLevel.incStartLevel(ILjava/util/List;Ljava/util/List;Ljava/util/List;Ljava/util/List;)V+19
j  org.eclipse.osgi.container.ModuleContainer$ContainerStartLevel.doContainerStartLevel(Lorg/eclipse/osgi/container/Module;I[Lorg/osgi/framework/FrameworkListener;)V+349
j  org.eclipse.osgi.container.ModuleContainer$ContainerStartLevel.dispatchEvent(Lorg/eclipse/osgi/container/Module;[Lorg/osgi/framework/FrameworkListener;ILjava/lang/Integer;)V+32
j  org.eclipse.osgi.container.ModuleContainer$ContainerStartLevel.dispatchEvent(Ljava/lang/Object;Ljava/lang/Object;ILjava/lang/Object;)V+15
j  org.eclipse.osgi.framework.eventmgr.EventManager.dispatchEvent(Ljava/util/Set;Lorg/eclipse/osgi/framework/eventmgr/EventDispatcher;ILjava/lang/Object;)V+48
j  org.eclipse.osgi.framework.eventmgr.EventManager$EventThread.run()V+26
v  ~StubRoutines::call_stub

---------------  P R O C E S S  ---------------

Threads class SMR info:
_java_thread_list=0x000002cc7a51e5c0, length=16, elements={
0x000002cc731a0e80, 0x000002cc77fc2750, 0x000002cc77fc3210, 0x000002cc77feb030,
0x000002cc77febaf0, 0x000002cc77fee5c0, 0x000002cc77ff0e90, 0x000002cc77ff1b30,
0x000002cc77ff34f0, 0x000002cc7803ddf0, 0x000002cc77ec0ec0, 0x000002cc79c33380,
0x000002cc7a202440, 0x000002cc7a305640, 0x000002cc7a2dfb20, 0x000002cc7a512840
}

Java Threads: ( => current thread )
  0x000002cc731a0e80 JavaThread "main" [_thread_blocked, id=23896, stack(0x000000d212600000,0x000000d212700000)]
  0x000002cc77fc2750 JavaThread "Reference Handler" daemon [_thread_blocked, id=10436, stack(0x000000d212900000,0x000000d212a00000)]
  0x000002cc77fc3210 JavaThread "Finalizer" daemon [_thread_blocked, id=20008, stack(0x000000d212a00000,0x000000d212b00000)]
  0x000002cc77feb030 JavaThread "Signal Dispatcher" daemon [_thread_blocked, id=23128, stack(0x000000d212b00000,0x000000d212c00000)]
  0x000002cc77febaf0 JavaThread "Attach Listener" daemon [_thread_blocked, id=14900, stack(0x000000d212c00000,0x000000d212d00000)]
  0x000002cc77fee5c0 JavaThread "Service Thread" daemon [_thread_blocked, id=6204, stack(0x000000d212d00000,0x000000d212e00000)]
  0x000002cc77ff0e90 JavaThread "Monitor Deflation Thread" daemon [_thread_blocked, id=22608, stack(0x000000d212e00000,0x000000d212f00000)]
  0x000002cc77ff1b30 JavaThread "C2 CompilerThread0" daemon [_thread_blocked, id=17740, stack(0x000000d212f00000,0x000000d213000000)]
  0x000002cc77ff34f0 JavaThread "C1 CompilerThread0" daemon [_thread_blocked, id=23252, stack(0x000000d213000000,0x000000d213100000)]
  0x000002cc7803ddf0 JavaThread "Sweeper thread" daemon [_thread_blocked, id=19064, stack(0x000000d213100000,0x000000d213200000)]
  0x000002cc77ec0ec0 JavaThread "Common-Cleaner" daemon [_thread_blocked, id=18564, stack(0x000000d213200000,0x000000d213300000)]
  0x000002cc79c33380 JavaThread "Notification Thread" daemon [_thread_blocked, id=10656, stack(0x000000d213300000,0x000000d213400000)]
  0x000002cc7a202440 JavaThread "Active Thread: Equinox Container: d7ae3022-50ae-496f-a418-9ef6f2378c37" [_thread_blocked, id=6884, stack(0x000000d213800000,0x000000d213900000)]
  0x000002cc7a305640 JavaThread "Framework Event Dispatcher: Equinox Container: d7ae3022-50ae-496f-a418-9ef6f2378c37" daemon [_thread_blocked, id=17892, stack(0x000000d213900000,0x000000d213a00000)]
=>0x000002cc7a2dfb20 JavaThread "Start Level: Equinox Container: d7ae3022-50ae-496f-a418-9ef6f2378c37" daemon [_thread_in_vm, id=19272, stack(0x000000d213a00000,0x000000d213b00000)]
  0x000002cc7a512840 JavaThread "SCR Component Actor" daemon [_thread_blocked, id=14032, stack(0x000000d213b00000,0x000000d213c00000)]

Other Threads:
  0x000002cc77faacc0 VMThread "VM Thread" [stack: 0x000000d212800000,0x000000d212900000] [id=14840]
  0x000002cc79c33850 WatcherThread [stack: 0x000000d213400000,0x000000d213500000] [id=22160]
  0x000002cc731b3fa0 GCTaskThread "GC Thread#0" [stack: 0x000000d212700000,0x000000d212800000] [id=21240]
  0x000002cc7a16d070 GCTaskThread "GC Thread#1" [stack: 0x000000d213500000,0x000000d213600000] [id=3684]
  0x000002cc7a195430 GCTaskThread "GC Thread#2" [stack: 0x000000d213600000,0x000000d213700000] [id=18084]
  0x000002cc7a1956e0 GCTaskThread "GC Thread#3" [stack: 0x000000d213700000,0x000000d213800000] [id=23848]

Threads with active compile tasks:

VM state: not at safepoint (normal execution)

VM Mutex/Monitor currently owned by a thread:  ([mutex/lock_event])
[0x000002cc7318cae0] Metaspace_lock - owner thread: 0x000002cc7a2dfb20

Heap address: 0x00000000c0000000, size: 1024 MB, Compressed Oops mode: 32-bit

CDS archive(s) not mapped
Compressed class space mapped at: 0x0000000100000000-0x0000000140000000, reserved size: 1073741824
Narrow klass base: 0x0000000000000000, Narrow klass shift: 3, Narrow klass range: 0x140000000

GC Precious Log:
 CPUs: 4 total, 4 available
 Memory: 8072M
 Large Page Support: Disabled
 NUMA Support: Disabled
 Compressed Oops: Enabled (32-bit)
 Alignments: Space 512K, Generation 512K, Heap 2M
 Heap Min Capacity: 100M
 Heap Initial Capacity: 100M
 Heap Max Capacity: 1G
 Pre-touch: Disabled
 Parallel Workers: 4

Heap:
 PSYoungGen      total 29696K, used 23000K [0x00000000eab00000, 0x00000000ecc00000, 0x0000000100000000)
  eden space 25600K, 77% used [0x00000000eab00000,0x00000000ebe4c008,0x00000000ec400000)
  from space 4096K, 79% used [0x00000000ec400000,0x00000000ec72a228,0x00000000ec800000)
  to   space 4096K, 0% used [0x00000000ec800000,0x00000000ec800000,0x00000000ecc00000)
 ParOldGen       total 68608K, used 0K [0x00000000c0000000, 0x00000000c4300000, 0x00000000eab00000)
  object space 68608K, 0% used [0x00000000c0000000,0x00000000c0000000,0x00000000c4300000)
 Metaspace       used 13682K, committed 13888K, reserved 1064960K
  class space    used 1375K, committed 1472K, reserved 1048576K

Card table byte_map: [0x000002cc72b70000,0x000002cc72d80000] _byte_map_base: 0x000002cc72570000

Marking Bits: (ParMarkBitMap*) 0x00007ff841ab2cc0
 Begin Bits: [0x000002cc75e40000, 0x000002cc76e40000)
 End Bits:   [0x000002cc76e40000, 0x000002cc77e40000)

Polling page: 0x000002cc710c0000

Metaspace:

Usage:
  Non-class:     12.02 MB used.
      Class:      1.34 MB used.
       Both:     13.36 MB used.

Virtual space:
  Non-class space:       16.00 MB reserved,      12.12 MB ( 76%) committed,  2 nodes.
      Class space:        1.00 GB reserved,       1.44 MB ( <1%) committed,  1 nodes.
             Both:        1.02 GB reserved,      13.56 MB (  1%) committed. 

Chunk freelists:
   Non-Class:  3.73 MB
       Class:  2.41 MB
        Both:  6.14 MB

MaxMetaspaceSize: unlimited
CompressedClassSpaceSize: 1.00 GB
Initial GC threshold: 21.00 MB
Current GC threshold: 21.00 MB
CDS: off
MetaspaceReclaimPolicy: balanced
 - commit_granule_bytes: 65536.
 - commit_granule_words: 8192.
 - virtual_space_node_default_size: 1048576.
 - enlarge_chunks_in_place: 1.
 - new_chunks_are_fully_committed: 0.
 - uncommit_free_chunks: 1.
 - use_allocation_guard: 0.
 - handle_deallocations: 1.


Internal statistics:

num_allocs_failed_limit: 0.
num_arena_births: 64.
num_arena_deaths: 0.
num_vsnodes_births: 3.
num_vsnodes_deaths: 0.
num_space_committed: 217.
num_space_uncommitted: 0.
num_chunks_returned_to_freelist: 0.
num_chunks_taken_from_freelist: 251.
num_chunk_merges: 0.
num_chunk_splits: 171.
num_chunks_enlarged: 137.
num_purges: 0.
num_inconsistent_stats: 0.

CodeHeap 'non-profiled nmethods': size=120000Kb used=557Kb max_used=557Kb free=119442Kb
 bounds [0x000002cc07ad0000, 0x000002cc07d40000, 0x000002cc0f000000]
CodeHeap 'profiled nmethods': size=120000Kb used=2683Kb max_used=2683Kb free=117316Kb
 bounds [0x000002cc005a0000, 0x000002cc00840000, 0x000002cc07ad0000]
CodeHeap 'non-nmethods': size=5760Kb used=1154Kb max_used=1189Kb free=4605Kb
 bounds [0x000002cc00000000, 0x000002cc00270000, 0x000002cc005a0000]
 total_blobs=1911 nmethods=1468 adapters=357
 compilation: enabled
              stopped_count=0, restarted_count=0
 full_count=0

Compilation events (20 events):
Event: 7.545 Thread 0x000002cc77ff34f0 1461       3       org.eclipse.osgi.internal.framework.BundleContextImpl::setContextFinder (56 bytes)
Event: 7.546 Thread 0x000002cc77ff34f0 nmethod 1461 0x000002cc00836510 code [0x000002cc008367a0, 0x000002cc00837708]
Event: 7.546 Thread 0x000002cc77ff34f0 1462       1       org.eclipse.osgi.internal.hookregistry.ClassLoaderHook::getClassPathEntries (2 bytes)
Event: 7.546 Thread 0x000002cc77ff34f0 nmethod 1462 0x000002cc07b5a990 code [0x000002cc07b5ab20, 0x000002cc07b5abf8]
Event: 7.551 Thread 0x000002cc77ff34f0 1463   !   3       org.eclipse.osgi.internal.loader.BundleLoader::getModuleClassLoader (196 bytes)
Event: 7.553 Thread 0x000002cc77ff34f0 nmethod 1463 0x000002cc00837c90 code [0x000002cc00838020, 0x000002cc00839608]
Event: 7.594 Thread 0x000002cc77ff34f0 1465       3       java.lang.invoke.MemberName::getType (19 bytes)
Event: 7.594 Thread 0x000002cc77ff34f0 nmethod 1465 0x000002cc0083a010 code [0x000002cc0083a1e0, 0x000002cc0083a598]
Event: 7.596 Thread 0x000002cc77ff34f0 1467       3       java.lang.invoke.MemberName::isStatic (8 bytes)
Event: 7.596 Thread 0x000002cc77ff34f0 nmethod 1467 0x000002cc0083a710 code [0x000002cc0083a8a0, 0x000002cc0083aa78]
Event: 7.596 Thread 0x000002cc77ff34f0 1468       3       jdk.internal.org.objectweb.asm.SymbolTable::addConstantNameAndType (137 bytes)
Event: 7.597 Thread 0x000002cc77ff34f0 nmethod 1468 0x000002cc0083ab10 code [0x000002cc0083ad60, 0x000002cc0083b488]
Event: 7.597 Thread 0x000002cc77ff34f0 1469       3       jdk.internal.org.objectweb.asm.SymbolTable$Entry::<init> (20 bytes)
Event: 7.597 Thread 0x000002cc77ff34f0 nmethod 1469 0x000002cc0083b890 code [0x000002cc0083ba20, 0x000002cc0083bb68]
Event: 7.598 Thread 0x000002cc77ff34f0 1471       3       java.lang.invoke.DirectMethodHandle::allocateInstance (16 bytes)
Event: 7.598 Thread 0x000002cc77ff34f0 nmethod 1471 0x000002cc0083bc10 code [0x000002cc0083bdc0, 0x000002cc0083bfe8]
Event: 7.598 Thread 0x000002cc77ff34f0 1473       3       java.net.URLClassLoader::isSealed (72 bytes)
Event: 7.600 Thread 0x000002cc77ff34f0 nmethod 1473 0x000002cc0083c110 code [0x000002cc0083c520, 0x000002cc0083e048]
Event: 7.600 Thread 0x000002cc77ff34f0 1472       3       java.lang.invoke.DirectMethodHandle::constructorMethod (10 bytes)
Event: 7.601 Thread 0x000002cc77ff34f0 nmethod 1472 0x000002cc0083eb10 code [0x000002cc0083eca0, 0x000002cc0083ee78]

GC Heap History (2 events):
Event: 4.970 GC heap before
{Heap before GC invocations=1 (full 0):
 PSYoungGen      total 29696K, used 25600K [0x00000000eab00000, 0x00000000ecc00000, 0x0000000100000000)
  eden space 25600K, 100% used [0x00000000eab00000,0x00000000ec400000,0x00000000ec400000)
  from space 4096K, 0% used [0x00000000ec800000,0x00000000ec800000,0x00000000ecc00000)
  to   space 4096K, 0% used [0x00000000ec400000,0x00000000ec400000,0x00000000ec800000)
 ParOldGen       total 68608K, used 0K [0x00000000c0000000, 0x00000000c4300000, 0x00000000eab00000)
  object space 68608K, 0% used [0x00000000c0000000,0x00000000c0000000,0x00000000c4300000)
 Metaspace       used 10830K, committed 10944K, reserved 1064960K
  class space    used 1088K, committed 1152K, reserved 1048576K
}
Event: 5.153 GC heap after
{Heap after GC invocations=1 (full 0):
 PSYoungGen      total 29696K, used 3240K [0x00000000eab00000, 0x00000000ecc00000, 0x0000000100000000)
  eden space 25600K, 0% used [0x00000000eab00000,0x00000000eab00000,0x00000000ec400000)
  from space 4096K, 79% used [0x00000000ec400000,0x00000000ec72a228,0x00000000ec800000)
  to   space 4096K, 0% used [0x00000000ec800000,0x00000000ec800000,0x00000000ecc00000)
 ParOldGen       total 68608K, used 0K [0x00000000c0000000, 0x00000000c4300000, 0x00000000eab00000)
  object space 68608K, 0% used [0x00000000c0000000,0x00000000c0000000,0x00000000c4300000)
 Metaspace       used 10830K, committed 10944K, reserved 1064960K
  class space    used 1088K, committed 1152K, reserved 1048576K
}

Deoptimization events (20 events):
Event: 4.868 Thread 0x000002cc731a0e80 DEOPT PACKING pc=0x000002cc005ec152 sp=0x000000d2126fd350
Event: 4.868 Thread 0x000002cc731a0e80 DEOPT UNPACKING pc=0x000002cc00052843 sp=0x000000d2126fc7b0 mode 0
Event: 5.407 Thread 0x000002cc731a0e80 Uncommon trap: trap_request=0xffffff45 fr.pc=0x000002cc07afaf74 relative=0x0000000000000cd4
Event: 5.407 Thread 0x000002cc731a0e80 Uncommon trap: reason=unstable_if action=reinterpret pc=0x000002cc07afaf74 method=lombok.patcher.PatchScript.classMatches(Ljava/lang/String;Ljava/util/Collection;)Z @ 25 c2
Event: 5.407 Thread 0x000002cc731a0e80 DEOPT PACKING pc=0x000002cc07afaf74 sp=0x000000d2126f83f0
Event: 5.407 Thread 0x000002cc731a0e80 DEOPT UNPACKING pc=0x000002cc000520a3 sp=0x000000d2126f8358 mode 2
Event: 5.974 Thread 0x000002cc731a0e80 Uncommon trap: trap_request=0xffffff45 fr.pc=0x000002cc07b09784 relative=0x00000000000002c4
Event: 5.974 Thread 0x000002cc731a0e80 Uncommon trap: reason=unstable_if action=reinterpret pc=0x000002cc07b09784 method=java.lang.invoke.VarHandle.checkExactAccessMode(Ljava/lang/invoke/VarHandle$AccessDescriptor;)V @ 4 c2
Event: 5.974 Thread 0x000002cc731a0e80 DEOPT PACKING pc=0x000002cc07b09784 sp=0x000000d2126fe270
Event: 5.974 Thread 0x000002cc731a0e80 DEOPT UNPACKING pc=0x000002cc000520a3 sp=0x000000d2126fe240 mode 2
Event: 6.376 Thread 0x000002cc731a0e80 Uncommon trap: trap_request=0xffffffde fr.pc=0x000002cc07b13d94 relative=0x0000000000000974
Event: 6.376 Thread 0x000002cc731a0e80 Uncommon trap: reason=class_check action=maybe_recompile pc=0x000002cc07b13d94 method=java.util.HashMap.putVal(ILjava/lang/Object;Ljava/lang/Object;ZZ)Ljava/lang/Object; @ 253 c2
Event: 6.376 Thread 0x000002cc731a0e80 DEOPT PACKING pc=0x000002cc07b13d94 sp=0x000000d2126fdd00
Event: 6.376 Thread 0x000002cc731a0e80 DEOPT UNPACKING pc=0x000002cc000520a3 sp=0x000000d2126fdc80 mode 2
Event: 6.427 Thread 0x000002cc731a0e80 Uncommon trap: trap_request=0xffffffde fr.pc=0x000002cc07b13d94 relative=0x0000000000000974
Event: 6.427 Thread 0x000002cc731a0e80 Uncommon trap: reason=class_check action=maybe_recompile pc=0x000002cc07b13d94 method=java.util.HashMap.putVal(ILjava/lang/Object;Ljava/lang/Object;ZZ)Ljava/lang/Object; @ 253 c2
Event: 6.427 Thread 0x000002cc731a0e80 DEOPT PACKING pc=0x000002cc07b13d94 sp=0x000000d2126fdd00
Event: 6.428 Thread 0x000002cc731a0e80 DEOPT UNPACKING pc=0x000002cc000520a3 sp=0x000000d2126fdc80 mode 2
Event: 6.605 Thread 0x000002cc731a0e80 DEOPT PACKING pc=0x000002cc006a12e1 sp=0x000000d2126fc720
Event: 6.605 Thread 0x000002cc731a0e80 DEOPT UNPACKING pc=0x000002cc00052843 sp=0x000000d2126fbba8 mode 0

Classes unloaded (0 events):
No events

Classes redefined (0 events):
No events

Internal exceptions (20 events):
Event: 3.508 Thread 0x000002cc731a0e80 Implicit null exception at 0x000002cc07af1572 to 0x000002cc07af1ac0
Event: 3.514 Thread 0x000002cc731a0e80 Exception <a 'java/io/FileNotFoundException'{0x00000000eb764820}> (0x00000000eb764820) 
thrown [s\src\hotspot\share\prims\jni.cpp, line 516]
Event: 4.294 Thread 0x000002cc731a0e80 Exception <a 'java/lang/ClassNotFoundException'{0x00000000ebf5a8e8}: sun/net/www/protocol/c/Handler> (0x00000000ebf5a8e8) 
thrown [s\src\hotspot\share\classfile\systemDictionary.cpp, line 256]
Event: 4.294 Thread 0x000002cc731a0e80 Exception <a 'java/lang/ClassNotFoundException'{0x00000000ebf5bc18}: sun/net/www/protocol/c/Handler> (0x00000000ebf5bc18) 
thrown [s\src\hotspot\share\classfile\systemDictionary.cpp, line 256]
Event: 4.294 Thread 0x000002cc731a0e80 Exception <a 'java/lang/ClassNotFoundException'{0x00000000ebf5cd68}: sun/net/www/protocol/c/Handler> (0x00000000ebf5cd68) 
thrown [s\src\hotspot\share\classfile\systemDictionary.cpp, line 256]
Event: 4.307 Thread 0x000002cc731a0e80 Exception <a 'java/io/FileNotFoundException'{0x00000000ebf7b960}> (0x00000000ebf7b960) 
thrown [s\src\hotspot\share\prims\jni.cpp, line 516]
Event: 4.545 Thread 0x000002cc731a0e80 Implicit null exception at 0x000002cc07b055e0 to 0x000002cc07b05ffc
Event: 4.545 Thread 0x000002cc731a0e80 Implicit null exception at 0x000002cc07b1cfec to 0x000002cc07b1d1ec
Event: 4.545 Thread 0x000002cc731a0e80 Implicit null exception at 0x000002cc07b0710c to 0x000002cc07b07348
Event: 4.546 Thread 0x000002cc731a0e80 Implicit null exception at 0x000002cc07b0520f to 0x000002cc07b05289
Event: 4.740 Thread 0x000002cc731a0e80 Exception <a 'java/lang/NoSuchMethodError'{0x00000000ec245a68}: 'int java.lang.invoke.DirectMethodHandle$Holder.invokeStaticInit(java.lang.Object, java.lang.Object, java.lang.Object, java.lang.Object)'> (0x00000000ec245a68) 
thrown [s\src\hotspot\share\interpreter\linkResolver.cpp, line 759]
Event: 4.744 Thread 0x000002cc731a0e80 Exception <a 'java/lang/NoSuchMethodError'{0x00000000ec2500d8}: 'java.lang.Object java.lang.invoke.DirectMethodHandle$Holder.invokeInterface(java.lang.Object, java.lang.Object)'> (0x00000000ec2500d8) 
thrown [s\src\hotspot\share\interpreter\linkResolver.cpp, line 759]
Event: 4.745 Thread 0x000002cc731a0e80 Exception <a 'java/lang/IncompatibleClassChangeError'{0x00000000ec2538d0}: Found class java.lang.Object, but interface was expected> (0x00000000ec2538d0) 
thrown [s\src\hotspot\share\interpreter\linkResolver.cpp, line 826]
Event: 4.746 Thread 0x000002cc731a0e80 Exception <a 'java/lang/NoSuchMethodError'{0x00000000ec257dc8}: 'void java.lang.invoke.DirectMethodHandle$Holder.invokeStatic(java.lang.Object, java.lang.Object)'> (0x00000000ec257dc8) 
thrown [s\src\hotspot\share\interpreter\linkResolver.cpp, line 759]
Event: 4.747 Thread 0x000002cc731a0e80 Exception <a 'java/lang/NoSuchMethodError'{0x00000000ec25b5c8}: 'void java.lang.invoke.DirectMethodHandle$Holder.invokeStaticInit(java.lang.Object, java.lang.Object)'> (0x00000000ec25b5c8) 
thrown [s\src\hotspot\share\interpreter\linkResolver.cpp, line 759]
Event: 4.749 Thread 0x000002cc731a0e80 Exception <a 'java/lang/NoSuchMethodError'{0x00000000ec262b60}: 'int java.lang.invoke.DirectMethodHandle$Holder.invokeStaticInit(java.lang.Object, java.lang.Object)'> (0x00000000ec262b60) 
thrown [s\src\hotspot\share\interpreter\linkResolver.cpp, line 759]
Event: 4.946 Thread 0x000002cc731a0e80 Exception <a 'java/lang/NoSuchMethodError'{0x00000000ec388218}: 'void java.lang.invoke.DirectMethodHandle$Holder.invokeSpecial(java.lang.Object, java.lang.Object, java.lang.Object)'> (0x00000000ec388218) 
thrown [s\src\hotspot\share\interpreter\linkResolver.cpp, line 759]
Event: 6.350 Thread 0x000002cc731a0e80 Exception <a 'java/lang/NoSuchMethodError'{0x00000000eb62f170}: 'java.lang.Object java.lang.invoke.DirectMethodHandle$Holder.newInvokeSpecial(java.lang.Object, int, java.lang.Object)'> (0x00000000eb62f170) 
thrown [s\src\hotspot\share\interpreter\linkResolver.cpp, line 759]
Event: 7.044 Thread 0x000002cc731a0e80 Exception <a 'java/lang/UnsatisfiedLinkError'{0x00000000ebb5de38}: 'void org.eclipse.equinox.launcher.JNIBridge._update_splash()'> (0x00000000ebb5de38) 
thrown [s\src\hotspot\share\prims\nativeLookup.cpp, line 543]
Event: 7.592 Thread 0x000002cc7a2dfb20 Exception <a 'java/lang/NoSuchMethodError'{0x00000000ebdd6f58}: 'java.lang.Object java.lang.invoke.DirectMethodHandle$Holder.invokeStaticInit(java.lang.Object)'> (0x00000000ebdd6f58) 
thrown [s\src\hotspot\share\interpreter\linkResolver.cpp, line 759]

VM Operations (20 events):
Event: 3.417 Executing VM operation: HandshakeAllThreads
Event: 3.417 Executing VM operation: HandshakeAllThreads done
Event: 4.124 Executing VM operation: HandshakeAllThreads
Event: 4.124 Executing VM operation: HandshakeAllThreads done
Event: 4.124 Executing VM operation: Cleanup
Event: 4.124 Executing VM operation: Cleanup done
Event: 4.969 Executing VM operation: ParallelGCFailedAllocation
Event: 5.153 Executing VM operation: ParallelGCFailedAllocation done
Event: 6.098 Executing VM operation: HandshakeAllThreads
Event: 6.220 Executing VM operation: HandshakeAllThreads done
Event: 6.220 Executing VM operation: Cleanup
Event: 6.220 Executing VM operation: Cleanup done
Event: 6.221 Executing VM operation: HandshakeAllThreads
Event: 6.221 Executing VM operation: HandshakeAllThreads done
Event: 6.241 Executing VM operation: HandshakeAllThreads
Event: 6.241 Executing VM operation: HandshakeAllThreads done
Event: 6.268 Executing VM operation: HandshakeAllThreads
Event: 6.268 Executing VM operation: HandshakeAllThreads done
Event: 7.279 Executing VM operation: Cleanup
Event: 7.391 Executing VM operation: Cleanup done

Events (20 events):
Event: 6.729 loading class sun/nio/ch/FileChannelImpl$Closer
Event: 6.729 loading class sun/nio/ch/FileChannelImpl$Closer done
Event: 7.031 Thread 0x000002cc7a305640 Thread added: 0x000002cc7a305640
Event: 7.041 Thread 0x000002cc7a2dfb20 Thread added: 0x000002cc7a2dfb20
Event: 7.134 Loaded shared library C:\Users\BCD\AppData\Roaming\Code\User\globalStorage\redhat.java\1.11.0\config_ss_win\org.eclipse.equinox.launcher\org.eclipse.equinox.launcher.win32.win32.x86_64_1.2.600.v20220720-1916\eclipse_11700.dll
Event: 7.134 loading class java/util/concurrent/locks/AbstractQueuedSynchronizer$SharedNode
Event: 7.134 loading class java/util/concurrent/locks/AbstractQueuedSynchronizer$SharedNode done
Event: 7.134 loading class java/util/concurrent/locks/AbstractQueuedSynchronizer$ExclusiveNode
Event: 7.134 loading class java/util/concurrent/locks/AbstractQueuedSynchronizer$ExclusiveNode done
Event: 7.392 loading class java/util/concurrent/CountDownLatch
Event: 7.392 loading class java/util/concurrent/CountDownLatch done
Event: 7.392 loading class java/util/concurrent/CountDownLatch$Sync
Event: 7.392 loading class java/util/concurrent/CountDownLatch$Sync done
Event: 7.423 loading class java/lang/IllegalAccessError
Event: 7.423 loading class java/lang/IllegalAccessError done
Event: 7.528 loading class java/util/TimerTask
Event: 7.529 loading class java/util/TimerTask done
Event: 7.535 Thread 0x000002cc7a512840 Thread added: 0x000002cc7a512840
Event: 7.538 loading class java/util/MissingResourceException
Event: 7.538 loading class java/util/MissingResourceException done


Dynamic libraries:
0x00007ff723050000 - 0x00007ff72305e000 	c:\Users\BCD\.vscode\extensions\redhat.java-1.11.0-win32-x64\jre\17.0.4.1-win32-x86_64\bin\java.exe
0x00007ff8bc7b0000 - 0x00007ff8bc9a8000 	C:\Windows\SYSTEM32\ntdll.dll
0x00007ff8bb6b0000 - 0x00007ff8bb76d000 	C:\Windows\System32\KERNEL32.DLL
0x00007ff8ba190000 - 0x00007ff8ba462000 	C:\Windows\System32\KERNELBASE.dll
0x00007ff8b9ff0000 - 0x00007ff8ba0f0000 	C:\Windows\System32\ucrtbase.dll
0x00007ff8a1030000 - 0x00007ff8a1048000 	c:\Users\BCD\.vscode\extensions\redhat.java-1.11.0-win32-x64\jre\17.0.4.1-win32-x86_64\bin\jli.dll
0x00007ff8bace0000 - 0x00007ff8bae7d000 	C:\Windows\System32\USER32.dll
0x00007ff8ba620000 - 0x00007ff8ba642000 	C:\Windows\System32\win32u.dll
0x00007ff8bb680000 - 0x00007ff8bb6ab000 	C:\Windows\System32\GDI32.dll
0x00007ff8ba650000 - 0x00007ff8ba75f000 	C:\Windows\System32\gdi32full.dll
0x00007ff8ba0f0000 - 0x00007ff8ba18d000 	C:\Windows\System32\msvcp_win.dll
0x00007ff8a0fa0000 - 0x00007ff8a0fb9000 	c:\Users\BCD\.vscode\extensions\redhat.java-1.11.0-win32-x64\jre\17.0.4.1-win32-x86_64\bin\VCRUNTIME140.dll
0x00007ff8a3080000 - 0x00007ff8a331a000 	C:\Windows\WinSxS\amd64_microsoft.windows.common-controls_6595b64144ccf1df_6.0.19041.1110_none_60b5254171f9507e\COMCTL32.dll
0x00007ff8bb910000 - 0x00007ff8bb9ae000 	C:\Windows\System32\msvcrt.dll
0x00007ff8bb0f0000 - 0x00007ff8bb120000 	C:\Windows\System32\IMM32.DLL
0x00007ff8b2770000 - 0x00007ff8b277c000 	c:\Users\BCD\.vscode\extensions\redhat.java-1.11.0-win32-x64\jre\17.0.4.1-win32-x86_64\bin\vcruntime140_1.dll
0x00007ff880400000 - 0x00007ff880491000 	c:\Users\BCD\.vscode\extensions\redhat.java-1.11.0-win32-x64\jre\17.0.4.1-win32-x86_64\bin\msvcp140.dll
0x00007ff840f30000 - 0x00007ff841b76000 	c:\Users\BCD\.vscode\extensions\redhat.java-1.11.0-win32-x64\jre\17.0.4.1-win32-x86_64\bin\server\jvm.dll
0x00007ff8bc640000 - 0x00007ff8bc6ee000 	C:\Windows\System32\ADVAPI32.dll
0x00007ff8bb480000 - 0x00007ff8bb51c000 	C:\Windows\System32\sechost.dll
0x00007ff8bafb0000 - 0x00007ff8bb0d5000 	C:\Windows\System32\RPCRT4.dll
0x00007ff8bb580000 - 0x00007ff8bb588000 	C:\Windows\System32\PSAPI.DLL
0x00007ff8915e0000 - 0x00007ff8915e9000 	C:\Windows\SYSTEM32\WSOCK32.dll
0x00007ff8bc5d0000 - 0x00007ff8bc63b000 	C:\Windows\System32\WS2_32.dll
0x00007ff8a21c0000 - 0x00007ff8a21e7000 	C:\Windows\SYSTEM32\WINMM.dll
0x00007ff8adde0000 - 0x00007ff8addea000 	C:\Windows\SYSTEM32\VERSION.dll
0x00007ff8b8710000 - 0x00007ff8b8722000 	C:\Windows\SYSTEM32\kernel.appcore.dll
0x00007ff8a5970000 - 0x00007ff8a597a000 	c:\Users\BCD\.vscode\extensions\redhat.java-1.11.0-win32-x64\jre\17.0.4.1-win32-x86_64\bin\jimage.dll
0x00007ff8b4ae0000 - 0x00007ff8b4cc4000 	C:\Windows\SYSTEM32\DBGHELP.DLL
0x00007ff8a53d0000 - 0x00007ff8a53fc000 	C:\Windows\SYSTEM32\dbgcore.DLL
0x00007ff8b9ec0000 - 0x00007ff8b9f42000 	C:\Windows\System32\bcryptPrimitives.dll
0x00007ff8a5480000 - 0x00007ff8a548e000 	c:\Users\BCD\.vscode\extensions\redhat.java-1.11.0-win32-x64\jre\17.0.4.1-win32-x86_64\bin\instrument.dll
0x00007ff8966f0000 - 0x00007ff896715000 	c:\Users\BCD\.vscode\extensions\redhat.java-1.11.0-win32-x64\jre\17.0.4.1-win32-x86_64\bin\java.dll
0x00007ff8a2350000 - 0x00007ff8a2368000 	c:\Users\BCD\.vscode\extensions\redhat.java-1.11.0-win32-x64\jre\17.0.4.1-win32-x86_64\bin\zip.dll
0x00007ff8bb9b0000 - 0x00007ff8bc0f3000 	C:\Windows\System32\SHELL32.dll
0x00007ff8b7f30000 - 0x00007ff8b86c1000 	C:\Windows\SYSTEM32\windows.storage.dll
0x00007ff8bb120000 - 0x00007ff8bb474000 	C:\Windows\System32\combase.dll
0x00007ff8b9840000 - 0x00007ff8b9870000 	C:\Windows\SYSTEM32\Wldp.dll
0x00007ff8bb850000 - 0x00007ff8bb8fd000 	C:\Windows\System32\SHCORE.dll
0x00007ff8bc570000 - 0x00007ff8bc5c5000 	C:\Windows\System32\shlwapi.dll
0x00007ff8b9e00000 - 0x00007ff8b9e1f000 	C:\Windows\SYSTEM32\profapi.dll
0x00007ff8a05a0000 - 0x00007ff8a05b9000 	C:\Users\BCD\.vscode\extensions\redhat.java-1.11.0-win32-x64\jre\17.0.4.1-win32-x86_64\bin\net.dll
0x00007ff8a7af0000 - 0x00007ff8a7bfd000 	C:\Windows\SYSTEM32\WINHTTP.dll
0x00007ff8b95a0000 - 0x00007ff8b960a000 	C:\Windows\system32\mswsock.dll
0x00007ff89d960000 - 0x00007ff89d975000 	C:\Users\BCD\.vscode\extensions\redhat.java-1.11.0-win32-x64\jre\17.0.4.1-win32-x86_64\bin\nio.dll
0x00007ff8a0f90000 - 0x00007ff8a0fa0000 	c:\Users\BCD\.vscode\extensions\redhat.java-1.11.0-win32-x64\jre\17.0.4.1-win32-x86_64\bin\verify.dll
0x00007ff8825e0000 - 0x00007ff88261e000 	C:\Users\BCD\AppData\Roaming\Code\User\globalStorage\redhat.java\1.11.0\config_ss_win\org.eclipse.equinox.launcher\org.eclipse.equinox.launcher.win32.win32.x86_64_1.2.600.v20220720-1916\eclipse_11700.dll
0x00007ff8bae80000 - 0x00007ff8bafaa000 	C:\Windows\System32\ole32.dll

dbghelp: loaded successfully - version: 4.0.5 - missing functions: none
symbol engine: initialized successfully - sym options: 0x614 - pdb path: .;c:\Users\BCD\.vscode\extensions\redhat.java-1.11.0-win32-x64\jre\17.0.4.1-win32-x86_64\bin;C:\Windows\SYSTEM32;C:\Windows\WinSxS\amd64_microsoft.windows.common-controls_6595b64144ccf1df_6.0.19041.1110_none_60b5254171f9507e;c:\Users\BCD\.vscode\extensions\redhat.java-1.11.0-win32-x64\jre\17.0.4.1-win32-x86_64\bin\server;C:\Users\BCD\AppData\Roaming\Code\User\globalStorage\redhat.java\1.11.0\config_ss_win\org.eclipse.equinox.launcher\org.eclipse.equinox.launcher.win32.win32.x86_64_1.2.600.v20220720-1916

VM Arguments:
jvm_args: --add-modules=ALL-SYSTEM --add-opens=java.base/java.util=ALL-UNNAMED --add-opens=java.base/java.lang=ALL-UNNAMED --add-opens=java.base/sun.nio.fs=ALL-UNNAMED -Declipse.application=org.eclipse.jdt.ls.core.id1 -Dosgi.bundles.defaultStartLevel=4 -Declipse.product=org.eclipse.jdt.ls.core.product -Djava.import.generatesMetadataFilesAtProjectRoot=false -Dfile.encoding=utf8 -DwatchParentProcess=false -XX:+UseParallelGC -XX:GCTimeRatio=4 -XX:AdaptiveSizePolicyWeight=90 -Dsun.zip.disableMemoryMapping=true -Xmx1G -Xms100m -Xlog:disable -javaagent:c:\Users\BCD\.vscode\extensions\redhat.java-1.11.0-win32-x64\lombok\lombok-1.18.24.jar 
java_command: c:\Users\BCD\.vscode\extensions\redhat.java-1.11.0-win32-x64\server\plugins\org.eclipse.equinox.launcher_1.6.400.v20210924-0641.jar -configuration c:\Users\BCD\AppData\Roaming\Code\User\globalStorage\redhat.java\1.11.0\config_ss_win -data c:\Users\BCD\AppData\Roaming\Code\User\workspaceStorage\eb5978d155c3014e01dbfc04f1fa3a00\redhat.java\ss_ws
java_class_path (initial): c:\Users\BCD\.vscode\extensions\redhat.java-1.11.0-win32-x64\server\plugins\org.eclipse.equinox.launcher_1.6.400.v20210924-0641.jar
Launcher Type: SUN_STANDARD

[Global flags]
    uintx AdaptiveSizePolicyWeight                 = 90                                        {product} {command line}
     intx CICompilerCount                          = 3                                         {product} {ergonomic}
    uintx GCTimeRatio                              = 4                                         {product} {command line}
   size_t InitialHeapSize                          = 104857600                                 {product} {command line}
   size_t MaxHeapSize                              = 1073741824                                {product} {command line}
   size_t MaxNewSize                               = 357564416                                 {product} {ergonomic}
   size_t MinHeapDeltaBytes                        = 524288                                    {product} {ergonomic}
   size_t MinHeapSize                              = 104857600                                 {product} {command line}
   size_t NewSize                                  = 34603008                                  {product} {ergonomic}
    uintx NonNMethodCodeHeapSize                   = 5832780                                {pd product} {ergonomic}
    uintx NonProfiledCodeHeapSize                  = 122912730                              {pd product} {ergonomic}
   size_t OldSize                                  = 70254592                                  {product} {ergonomic}
    uintx ProfiledCodeHeapSize                     = 122912730                              {pd product} {ergonomic}
    uintx ReservedCodeCacheSize                    = 251658240                              {pd product} {ergonomic}
     bool SegmentedCodeCache                       = true                                      {product} {ergonomic}
   size_t SoftMaxHeapSize                          = 1073741824                             {manageable} {ergonomic}
     bool UseCompressedClassPointers               = true                           {product lp64_product} {ergonomic}
     bool UseCompressedOops                        = true                           {product lp64_product} {ergonomic}
     bool UseLargePagesIndividualAllocation        = false                                  {pd product} {ergonomic}
     bool UseParallelGC                            = true                                      {product} {command line}

Logging:
Log output configuration:
 #0: stdout all=off uptime,level,tags
 #1: stderr all=off uptime,level,tags

Environment Variables:
JAVA_HOME=C:\Program Files\Eclipse Adoptium\jdk-17.0.4.101-hotspot\
PATH=C:\Program Files\Eclipse Adoptium\jdk-17.0.4.101-hotspot\bin;C:\Program Files (x86)\Common Files\Oracle\Java\javapath;C:\Python310\Scripts\;C:\Python310\;C:\Windows\system32;C:\Windows;C:\Windows\System32\Wbem;C:\Windows\System32\WindowsPowerShell\v1.0\;C:\Windows\System32\OpenSSH\;C:\Program Files\nodejs\;C:\ProgramData\chocolatey\bin;C:\Users\BCD\AppData\Local\Programs\mongosh\mongosh.exe;C:\Program Files\Docker\Docker\resources\bin;C:\ProgramData\DockerDesktop\version-bin;C:\Program Files\PuTTY\;C:\Program Files\Git\cmd;C:\Users\BCD\AppData\Local\Microsoft\WindowsApps;;C:\Users\BCD\AppData\Roaming\npm;C:\Users\BCD\AppData\Local\Programs\mongosh\;C:\Users\BCD\AppData\Local\Programs\Microsoft VS Code\bin
USERNAME=BCD
OS=Windows_NT
PROCESSOR_IDENTIFIER=Intel64 Family 6 Model 78 Stepping 3, GenuineIntel
TMP=C:\Users\BCD\AppData\Local\Temp
TEMP=C:\Users\BCD\AppData\Local\Temp



---------------  S Y S T E M  ---------------

OS:
 Windows 10 , 64 bit Build 19041 (10.0.19041.1889)
OS uptime: 2 days 14:56 hours

CPU: total 4 (initial active 4) (2 cores per cpu, 2 threads per core) family 6 model 78 stepping 3 microcode 0xcc, cx8, cmov, fxsr, ht, mmx, 3dnowpref, sse, sse2, sse3, ssse3, sse4.1, sse4.2, popcnt, lzcnt, tsc, tscinvbit, avx, avx2, aes, erms, clmul, bmi1, bmi2, rtm, adx, fma, vzeroupper, clflush, clflushopt

Memory: 4k page, system-wide physical 8072M (111M free)
TotalPageFile size 30759M (AvailPageFile size 196M)
current process WorkingSet (physical memory assigned to process): 79M, peak: 79M
current process commit charge ("private bytes"): 188M, peak: 189M

vm_info: OpenJDK 64-Bit Server VM (17.0.4.1+1) for windows-amd64 JRE (17.0.4.1+1), built on Aug 17 2022 07:42:43 by "temurin" with MS VC++ 16.7 (VS2019)

END.
