#
# There is insufficient memory for the Java Runtime Environment to continue.
# Native memory allocation (mmap) failed to map 65536 bytes for Failed to commit metaspace.
# Possible reasons:
#   The system is out of physical RAM or swap space
#   The process is running with CompressedOops enabled, and the Java Heap may be blocking the growth of the native heap
# Possible solutions:
#   Reduce memory load on the system
#   Increase physical memory or swap space
#   Check if swap backing store is full
#   Decrease Java heap size (-Xmx/-Xms)
#   Decrease number of Java threads
#   Decrease Java thread stack sizes (-Xss)
#   Set larger code cache with -XX:ReservedCodeCacheSize=
#   JVM is running with Unscaled Compressed Oops mode in which the Java heap is
#     placed in the first 4GB address space. The Java Heap base address is the
#     maximum limit for the native heap growth. Please use -XX:HeapBaseMinAddress
#     to set the Java Heap base and to place the Java Heap above 4GB virtual address.
# This output file may be truncated or incomplete.
#
#  Out of Memory Error (virtualSpaceNode.cpp:110), pid=10416, tid=7836
#
# JRE version: OpenJDK Runtime Environment Temurin-17.0.4.1+1 (17.0.4.1+1) (build 17.0.4.1+1)
# Java VM: OpenJDK 64-Bit Server VM Temurin-17.0.4.1+1 (17.0.4.1+1, mixed mode, tiered, compressed oops, compressed class ptrs, parallel gc, windows-amd64)
# No core dump will be written. Minidumps are not enabled by default on client versions of Windows
#

---------------  S U M M A R Y ------------

Command Line: --add-modules=ALL-SYSTEM --add-opens=java.base/java.util=ALL-UNNAMED --add-opens=java.base/java.lang=ALL-UNNAMED --add-opens=java.base/sun.nio.fs=ALL-UNNAMED -Declipse.application=org.eclipse.jdt.ls.core.id1 -Dosgi.bundles.defaultStartLevel=4 -Declipse.product=org.eclipse.jdt.ls.core.product -Djava.import.generatesMetadataFilesAtProjectRoot=false -Dfile.encoding=utf8 -DwatchParentProcess=false -XX:+UseParallelGC -XX:GCTimeRatio=4 -XX:AdaptiveSizePolicyWeight=90 -Dsun.zip.disableMemoryMapping=true -Xmx1G -Xms100m -Xlog:disable -javaagent:c:\Users\BCD\.vscode\extensions\redhat.java-1.11.0-win32-x64\lombok\lombok-1.18.24.jar c:\Users\BCD\.vscode\extensions\redhat.java-1.11.0-win32-x64\server\plugins\org.eclipse.equinox.launcher_1.6.400.v20210924-0641.jar -configuration c:\Users\BCD\AppData\Roaming\Code\User\globalStorage\redhat.java\1.11.0\config_ss_win -data c:\Users\BCD\AppData\Roaming\Code\User\workspaceStorage\eb5978d155c3014e01dbfc04f1fa3a00\redhat.java\ss_ws

Host: Intel(R) Core(TM) i5-6300U CPU @ 2.40GHz, 4 cores, 7G,  Windows 10 , 64 bit Build 19041 (10.0.19041.1889)
Time: Mon Oct 17 10:07:27 2022 Greenwich Standard Time elapsed time: 2.462135 seconds (0d 0h 0m 2s)

---------------  T H R E A D  ---------------

Current thread (0x00000168add80730):  JavaThread "main" [_thread_in_vm, id=7836, stack(0x00000001b5200000,0x00000001b5300000)]

Stack: [0x00000001b5200000,0x00000001b5300000]
Native frames: (J=compiled Java code, j=interpreted, Vv=VM code, C=native code)
V  [jvm.dll+0x67731a]
V  [jvm.dll+0x832284]
V  [jvm.dll+0x833a2e]
V  [jvm.dll+0x834093]
V  [jvm.dll+0x245775]
V  [jvm.dll+0x82e22b]
V  [jvm.dll+0x61bdf6]
V  [jvm.dll+0x61be5a]
V  [jvm.dll+0x61e67a]
V  [jvm.dll+0x61c796]
V  [jvm.dll+0x1e86f7]
V  [jvm.dll+0x1eb503]
V  [jvm.dll+0x1e09f1]
V  [jvm.dll+0x53c910]
V  [jvm.dll+0x1f11e7]
V  [jvm.dll+0x7ac56b]
V  [jvm.dll+0x7ad912]
V  [jvm.dll+0x7adc48]
V  [jvm.dll+0x23db7e]
V  [jvm.dll+0x23ddcf]
V  [jvm.dll+0x559f88]
V  [jvm.dll+0x55ce37]
V  [jvm.dll+0x383307]
V  [jvm.dll+0x38295f]
C  0x00000168b0a39dcc

Java frames: (J=compiled Java code, j=interpreted, Vv=VM code)
j  sun.security.x509.CertificateExtensions.parseExtension(Lsun/security/x509/Extension;)V+4 java.base@17.0.4.1
j  sun.security.x509.CertificateExtensions.init(Lsun/security/util/DerInputStream;)V+29 java.base@17.0.4.1
j  sun.security.x509.CertificateExtensions.<init>(Lsun/security/util/DerInputStream;)V+25 java.base@17.0.4.1
j  sun.security.x509.X509CertInfo.parse(Lsun/security/util/DerValue;)V+335 java.base@17.0.4.1
j  sun.security.x509.X509CertInfo.<init>(Lsun/security/util/DerValue;)V+67 java.base@17.0.4.1
j  sun.security.x509.X509CertImpl.parse(Lsun/security/util/DerValue;)V+228 java.base@17.0.4.1
j  sun.security.x509.X509CertImpl.<init>([B)V+50 java.base@17.0.4.1
j  sun.security.provider.X509Factory.engineGenerateCertificate(Ljava/io/InputStream;)Ljava/security/cert/Certificate;+54 java.base@17.0.4.1
j  java.security.cert.CertificateFactory.generateCertificate(Ljava/io/InputStream;)Ljava/security/cert/Certificate;+5 java.base@17.0.4.1
j  sun.security.pkcs.PKCS7.parseSignedData(Lsun/security/util/DerValue;)V+264 java.base@17.0.4.1
j  sun.security.pkcs.PKCS7.parse(Lsun/security/util/DerInputStream;Z)V+40 java.base@17.0.4.1
j  sun.security.pkcs.PKCS7.parse(Lsun/security/util/DerInputStream;)V+11 java.base@17.0.4.1
j  sun.security.pkcs.PKCS7.<init>([B)V+50 java.base@17.0.4.1
j  sun.security.util.SignatureFileVerifier.<init>(Ljava/util/ArrayList;Lsun/security/util/ManifestDigester;Ljava/lang/String;[B)V+40 java.base@17.0.4.1
j  java.util.jar.JarVerifier.processEntry(Lsun/security/util/ManifestEntryVerifier;)V+322 java.base@17.0.4.1
j  java.util.jar.JarVerifier.update(I[BIILsun/security/util/ManifestEntryVerifier;)V+39 java.base@17.0.4.1
j  java.util.jar.JarFile.initializeVerifier()V+163 java.base@17.0.4.1
j  java.util.jar.JarFile.ensureInitialization()V+41 java.base@17.0.4.1
j  java.util.jar.JavaUtilJarAccessImpl.ensureInitialization(Ljava/util/jar/JarFile;)V+1 java.base@17.0.4.1
j  jdk.internal.loader.URLClassPath$JarLoader$2.getManifest()Ljava/util/jar/Manifest;+10 java.base@17.0.4.1
j  jdk.internal.loader.BuiltinClassLoader.defineClass(Ljava/lang/String;Ljdk/internal/loader/Resource;)Ljava/lang/Class;+29 java.base@17.0.4.1
j  jdk.internal.loader.BuiltinClassLoader.findClassOnClassPathOrNull(Ljava/lang/String;)Ljava/lang/Class;+37 java.base@17.0.4.1
j  jdk.internal.loader.BuiltinClassLoader.loadClassOrNull(Ljava/lang/String;Z)Ljava/lang/Class;+111 java.base@17.0.4.1
j  jdk.internal.loader.BuiltinClassLoader.loadClass(Ljava/lang/String;Z)Ljava/lang/Class;+3 java.base@17.0.4.1
j  jdk.internal.loader.ClassLoaders$AppClassLoader.loadClass(Ljava/lang/String;Z)Ljava/lang/Class;+36 java.base@17.0.4.1
j  java.lang.ClassLoader.loadClass(Ljava/lang/String;)Ljava/lang/Class;+3 java.base@17.0.4.1
v  ~StubRoutines::call_stub
j  java.lang.Class.forName0(Ljava/lang/String;ZLjava/lang/ClassLoader;Ljava/lang/Class;)Ljava/lang/Class;+0 java.base@17.0.4.1
j  java.lang.Class.forName(Ljava/lang/String;ZLjava/lang/ClassLoader;)Ljava/lang/Class;+43 java.base@17.0.4.1
j  sun.launcher.LauncherHelper.loadMainClass(ILjava/lang/String;)Ljava/lang/Class;+95 java.base@17.0.4.1
j  sun.launcher.LauncherHelper.checkAndLoadMain(ZILjava/lang/String;)Ljava/lang/Class;+42 java.base@17.0.4.1
v  ~StubRoutines::call_stub

---------------  P R O C E S S  ---------------

Threads class SMR info:
_java_thread_list=0x00000168c388e510, length=12, elements={
0x00000168add80730, 0x00000168c1ba3750, 0x00000168c1ba44d0, 0x00000168c1bca150,
0x00000168c1bcaed0, 0x00000168c1bcdb60, 0x00000168c1bd15a0, 0x00000168c1bd2240,
0x00000168c1bd43a0, 0x00000168c35d8050, 0x00000168c1aa11a0, 0x00000168c388b2e0
}

Java Threads: ( => current thread )
=>0x00000168add80730 JavaThread "main" [_thread_in_vm, id=7836, stack(0x00000001b5200000,0x00000001b5300000)]
  0x00000168c1ba3750 JavaThread "Reference Handler" daemon [_thread_blocked, id=20768, stack(0x00000001b5500000,0x00000001b5600000)]
  0x00000168c1ba44d0 JavaThread "Finalizer" daemon [_thread_blocked, id=22208, stack(0x00000001b5600000,0x00000001b5700000)]
  0x00000168c1bca150 JavaThread "Signal Dispatcher" daemon [_thread_blocked, id=3560, stack(0x00000001b5700000,0x00000001b5800000)]
  0x00000168c1bcaed0 JavaThread "Attach Listener" daemon [_thread_blocked, id=14732, stack(0x00000001b5800000,0x00000001b5900000)]
  0x00000168c1bcdb60 JavaThread "Service Thread" daemon [_thread_blocked, id=1288, stack(0x00000001b5900000,0x00000001b5a00000)]
  0x00000168c1bd15a0 JavaThread "Monitor Deflation Thread" daemon [_thread_blocked, id=3440, stack(0x00000001b5a00000,0x00000001b5b00000)]
  0x00000168c1bd2240 JavaThread "C2 CompilerThread0" daemon [_thread_blocked, id=15636, stack(0x00000001b5b00000,0x00000001b5c00000)]
  0x00000168c1bd43a0 JavaThread "C1 CompilerThread0" daemon [_thread_blocked, id=972, stack(0x00000001b5c00000,0x00000001b5d00000)]
  0x00000168c35d8050 JavaThread "Sweeper thread" daemon [_thread_blocked, id=18748, stack(0x00000001b5d00000,0x00000001b5e00000)]
  0x00000168c1aa11a0 JavaThread "Common-Cleaner" daemon [_thread_blocked, id=18620, stack(0x00000001b5e00000,0x00000001b5f00000)]
  0x00000168c388b2e0 JavaThread "Notification Thread" daemon [_thread_blocked, id=1776, stack(0x00000001b5f00000,0x00000001b6000000)]

Other Threads:
  0x00000168c1b8b9c0 VMThread "VM Thread" [stack: 0x00000001b5400000,0x00000001b5500000] [id=3148]
  0x00000168c388bc30 WatcherThread [stack: 0x00000001b6000000,0x00000001b6100000] [id=16780]
  0x00000168add93b30 GCTaskThread "GC Thread#0" [stack: 0x00000001b5300000,0x00000001b5400000] [id=7620]

Threads with active compile tasks:

VM state: not at safepoint (normal execution)

VM Mutex/Monitor currently owned by a thread:  ([mutex/lock_event])
[0x00000168add6cf60] Metaspace_lock - owner thread: 0x00000168add80730

Heap address: 0x00000000c0000000, size: 1024 MB, Compressed Oops mode: 32-bit

CDS archive(s) not mapped
Compressed class space mapped at: 0x0000000100000000-0x0000000140000000, reserved size: 1073741824
Narrow klass base: 0x0000000000000000, Narrow klass shift: 3, Narrow klass range: 0x140000000

GC Precious Log:
 CPUs: 4 total, 4 available
 Memory: 8072M
 Large Page Support: Disabled
 NUMA Support: Disabled
 Compressed Oops: Enabled (32-bit)
 Alignments: Space 512K, Generation 512K, Heap 2M
 Heap Min Capacity: 100M
 Heap Initial Capacity: 100M
 Heap Max Capacity: 1G
 Pre-touch: Disabled
 Parallel Workers: 4

Heap:
 PSYoungGen      total 29696K, used 9314K [0x00000000eab00000, 0x00000000ecc00000, 0x0000000100000000)
  eden space 25600K, 36% used [0x00000000eab00000,0x00000000eb418bd8,0x00000000ec400000)
  from space 4096K, 0% used [0x00000000ec800000,0x00000000ec800000,0x00000000ecc00000)
  to   space 4096K, 0% used [0x00000000ec400000,0x00000000ec400000,0x00000000ec800000)
 ParOldGen       total 68608K, used 0K [0x00000000c0000000, 0x00000000c4300000, 0x00000000eab00000)
  object space 68608K, 0% used [0x00000000c0000000,0x00000000c0000000,0x00000000c4300000)
 Metaspace       used 7225K, committed 7296K, reserved 1056768K
  class space    used 706K, committed 768K, reserved 1048576K

Card table byte_map: [0x00000168ad760000,0x00000168ad970000] _byte_map_base: 0x00000168ad160000

Marking Bits: (ParMarkBitMap*) 0x00007ff841ab2cc0
 Begin Bits: [0x00000168bfa20000, 0x00000168c0a20000)
 End Bits:   [0x00000168c0a20000, 0x00000168c1a20000)

Polling page: 0x00000168abf30000

Metaspace:

Usage:
  Non-class:      6.37 MB used.
      Class:    706.33 KB used.
       Both:      7.06 MB used.

Virtual space:
  Non-class space:        8.00 MB reserved,       6.38 MB ( 80%) committed,  1 nodes.
      Class space:        1.00 GB reserved,     768.00 KB ( <1%) committed,  1 nodes.
             Both:        1.01 GB reserved,       7.12 MB ( <1%) committed. 

Chunk freelists:
   Non-Class:  1.00 MB
       Class:  3.22 MB
        Both:  4.22 MB

MaxMetaspaceSize: unlimited
CompressedClassSpaceSize: 1.00 GB
Initial GC threshold: 21.00 MB
Current GC threshold: 21.00 MB
CDS: off
MetaspaceReclaimPolicy: balanced
 - commit_granule_bytes: 65536.
 - commit_granule_words: 8192.
 - virtual_space_node_default_size: 1048576.
 - enlarge_chunks_in_place: 1.
 - new_chunks_are_fully_committed: 0.
 - uncommit_free_chunks: 1.
 - use_allocation_guard: 0.
 - handle_deallocations: 1.


Internal statistics:

num_allocs_failed_limit: 0.
num_arena_births: 10.
num_arena_deaths: 0.
num_vsnodes_births: 2.
num_vsnodes_deaths: 0.
num_space_committed: 114.
num_space_uncommitted: 0.
num_chunks_returned_to_freelist: 0.
num_chunks_taken_from_freelist: 37.
num_chunk_merges: 0.
num_chunk_splits: 20.
num_chunks_enlarged: 16.
num_purges: 0.
num_inconsistent_stats: 0.

CodeHeap 'non-profiled nmethods': size=120000Kb used=126Kb max_used=126Kb free=119873Kb
 bounds [0x00000168b84f0000, 0x00000168b8760000, 0x00000168bfa20000]
CodeHeap 'profiled nmethods': size=120000Kb used=550Kb max_used=550Kb free=119449Kb
 bounds [0x00000168b0fc0000, 0x00000168b1230000, 0x00000168b84f0000]
CodeHeap 'non-nmethods': size=5760Kb used=1110Kb max_used=1126Kb free=4649Kb
 bounds [0x00000168b0a20000, 0x00000168b0c90000, 0x00000168b0fc0000]
 total_blobs=804 nmethods=417 adapters=302
 compilation: enabled
              stopped_count=0, restarted_count=0
 full_count=0

Compilation events (20 events):
Event: 2.389 Thread 0x00000168c1bd43a0 nmethod 406 0x00000168b1048f10 code [0x00000168b10490e0, 0x00000168b1049438]
Event: 2.390 Thread 0x00000168c1bd2240  408       4       java.util.ArrayList$Itr::hasNext (20 bytes)
Event: 2.390 Thread 0x00000168c1bd2240 nmethod 408 0x00000168b850c890 code [0x00000168b850ca00, 0x00000168b850ca98]
Event: 2.392 Thread 0x00000168c1bd2240  409       4       java.util.HashMap$HashIterator::<init> (79 bytes)
Event: 2.430 Thread 0x00000168c1bd2240 nmethod 409 0x00000168b850cb90 code [0x00000168b850cd20, 0x00000168b850d018]
Event: 2.443 Thread 0x00000168c1bd2240  410       4       java.lang.String::replace (42 bytes)
Event: 2.452 Thread 0x00000168c1bd43a0  412       1       sun.security.util.KnownOIDs::value (5 bytes)
Event: 2.452 Thread 0x00000168c1bd43a0 nmethod 412 0x00000168b850d190 code [0x00000168b850d320, 0x00000168b850d3f8]
Event: 2.453 Thread 0x00000168c1bd43a0  413       1       java.security.Provider$Service::getType (5 bytes)
Event: 2.453 Thread 0x00000168c1bd43a0 nmethod 413 0x00000168b850d490 code [0x00000168b850d620, 0x00000168b850d6f8]
Event: 2.453 Thread 0x00000168c1bd43a0  414       1       java.security.Provider$Service::getAlgorithm (5 bytes)
Event: 2.453 Thread 0x00000168c1bd43a0 nmethod 414 0x00000168b850d790 code [0x00000168b850d920, 0x00000168b850d9f8]
Event: 2.453 Thread 0x00000168c1bd43a0  415       1       java.security.Provider$Service::getAliases (5 bytes)
Event: 2.453 Thread 0x00000168c1bd43a0 nmethod 415 0x00000168b850da90 code [0x00000168b850dc20, 0x00000168b850dcf8]
Event: 2.453 Thread 0x00000168c1bd43a0  416       3       java.security.Provider$ServiceKey::hashCode (19 bytes)
Event: 2.454 Thread 0x00000168c1bd43a0 nmethod 416 0x00000168b1049610 code [0x00000168b10497c0, 0x00000168b1049958]
Event: 2.457 Thread 0x00000168c1bd2240 nmethod 410 0x00000168b850dd90 code [0x00000168b850df40, 0x00000168b850e488]
Event: 2.457 Thread 0x00000168c1bd2240  411       4       jdk.internal.misc.Unsafe::allocateUninitializedArray (55 bytes)
Event: 2.459 Thread 0x00000168c1bd2240 nmethod 411 0x00000168b850e810 code [0x00000168b850e9a0, 0x00000168b850eb78]
Event: 2.459 Thread 0x00000168c1bd2240  417       4       java.util.ArrayList$Itr::next (66 bytes)

GC Heap History (0 events):
No events

Deoptimization events (20 events):
Event: 2.127 Thread 0x00000168add80730 Uncommon trap: trap_request=0xffffff45 fr.pc=0x00000168b84fcff8 relative=0x0000000000000078
Event: 2.127 Thread 0x00000168add80730 Uncommon trap: reason=unstable_if action=reinterpret pc=0x00000168b84fcff8 method=java.lang.String.isLatin1()Z @ 10 c2
Event: 2.127 Thread 0x00000168add80730 DEOPT PACKING pc=0x00000168b84fcff8 sp=0x00000001b52feec0
Event: 2.127 Thread 0x00000168add80730 DEOPT UNPACKING pc=0x00000168b0a720a3 sp=0x00000001b52fee00 mode 2
Event: 2.459 Thread 0x00000168add80730 Uncommon trap: trap_request=0xffffffde fr.pc=0x00000168b850eac4 relative=0x0000000000000124
Event: 2.459 Thread 0x00000168add80730 Uncommon trap: reason=class_check action=maybe_recompile pc=0x00000168b850eac4 method=jdk.internal.misc.Unsafe.allocateUninitializedArray(Ljava/lang/Class;I)Ljava/lang/Object; @ 51 c2
Event: 2.459 Thread 0x00000168add80730 DEOPT PACKING pc=0x00000168b850eac4 sp=0x00000001b52fbed0
Event: 2.459 Thread 0x00000168add80730 DEOPT UNPACKING pc=0x00000168b0a720a3 sp=0x00000001b52fbe58 mode 2
Event: 2.459 Thread 0x00000168add80730 Uncommon trap: trap_request=0xffffffde fr.pc=0x00000168b850eac4 relative=0x0000000000000124
Event: 2.459 Thread 0x00000168add80730 Uncommon trap: reason=class_check action=maybe_recompile pc=0x00000168b850eac4 method=jdk.internal.misc.Unsafe.allocateUninitializedArray(Ljava/lang/Class;I)Ljava/lang/Object; @ 51 c2
Event: 2.459 Thread 0x00000168add80730 DEOPT PACKING pc=0x00000168b850eac4 sp=0x00000001b52fbed0
Event: 2.459 Thread 0x00000168add80730 DEOPT UNPACKING pc=0x00000168b0a720a3 sp=0x00000001b52fbe58 mode 2
Event: 2.459 Thread 0x00000168add80730 Uncommon trap: trap_request=0xffffffde fr.pc=0x00000168b850eac4 relative=0x0000000000000124
Event: 2.459 Thread 0x00000168add80730 Uncommon trap: reason=class_check action=maybe_recompile pc=0x00000168b850eac4 method=jdk.internal.misc.Unsafe.allocateUninitializedArray(Ljava/lang/Class;I)Ljava/lang/Object; @ 51 c2
Event: 2.459 Thread 0x00000168add80730 DEOPT PACKING pc=0x00000168b850eac4 sp=0x00000001b52fbed0
Event: 2.459 Thread 0x00000168add80730 DEOPT UNPACKING pc=0x00000168b0a720a3 sp=0x00000001b52fbe58 mode 2
Event: 2.459 Thread 0x00000168add80730 Uncommon trap: trap_request=0xffffffde fr.pc=0x00000168b850eac4 relative=0x0000000000000124
Event: 2.459 Thread 0x00000168add80730 Uncommon trap: reason=class_check action=maybe_recompile pc=0x00000168b850eac4 method=jdk.internal.misc.Unsafe.allocateUninitializedArray(Ljava/lang/Class;I)Ljava/lang/Object; @ 51 c2
Event: 2.459 Thread 0x00000168add80730 DEOPT PACKING pc=0x00000168b850eac4 sp=0x00000001b52fbf10
Event: 2.459 Thread 0x00000168add80730 DEOPT UNPACKING pc=0x00000168b0a720a3 sp=0x00000001b52fbe98 mode 2

Classes unloaded (0 events):
No events

Classes redefined (0 events):
No events

Internal exceptions (2 events):
Event: 0.886 Thread 0x00000168add80730 Exception <a 'java/lang/NoSuchMethodError'{0x00000000eac32058}: 'void java.lang.invoke.DirectMethodHandle$Holder.invokeStatic(java.lang.Object, java.lang.Object, java.lang.Object)'> (0x00000000eac32058) 
thrown [s\src\hotspot\share\interpreter\linkResolver.cpp, line 759]
Event: 1.845 Thread 0x00000168add80730 Exception <a 'java/lang/reflect/InvocationTargetException'{0x00000000eaf79590}> (0x00000000eaf79590) 
thrown [s\src\hotspot\share\runtime\reflection.cpp, line 1121]

VM Operations (4 events):
Event: 1.215 Executing VM operation: Cleanup
Event: 1.215 Executing VM operation: Cleanup done
Event: 2.225 Executing VM operation: Cleanup
Event: 2.323 Executing VM operation: Cleanup done

Events (20 events):
Event: 2.456 loading class sun/security/rsa/RSAPublicKeyImpl done
Event: 2.456 loading class sun/security/util/IOUtils
Event: 2.456 loading class sun/security/util/IOUtils done
Event: 2.457 loading class sun/security/rsa/RSAUtil
Event: 2.457 loading class sun/security/rsa/RSAUtil done
Event: 2.457 loading class sun/security/x509/CertificateExtensions
Event: 2.457 loading class sun/security/x509/CertificateExtensions done
Event: 2.457 loading class java/util/TreeMap
Event: 2.458 loading class java/util/NavigableMap
Event: 2.458 loading class java/util/SortedMap
Event: 2.458 loading class java/util/SortedMap done
Event: 2.458 loading class java/util/NavigableMap done
Event: 2.458 loading class java/util/TreeMap done
Event: 2.459 loading class java/util/Collections$SynchronizedMap
Event: 2.459 loading class java/util/Collections$SynchronizedMap done
Event: 2.459 loading class sun/security/x509/Extension
Event: 2.459 loading class java/security/cert/Extension
Event: 2.459 loading class java/security/cert/Extension done
Event: 2.459 loading class sun/security/x509/Extension done
Event: 2.459 loading class sun/security/x509/OIDMap


Dynamic libraries:
0x00007ff723050000 - 0x00007ff72305e000 	c:\Users\BCD\.vscode\extensions\redhat.java-1.11.0-win32-x64\jre\17.0.4.1-win32-x86_64\bin\java.exe
0x00007ff8bc7b0000 - 0x00007ff8bc9a8000 	C:\Windows\SYSTEM32\ntdll.dll
0x00007ff8bb6b0000 - 0x00007ff8bb76d000 	C:\Windows\System32\KERNEL32.DLL
0x00007ff8ba190000 - 0x00007ff8ba462000 	C:\Windows\System32\KERNELBASE.dll
0x00007ff8b9ff0000 - 0x00007ff8ba0f0000 	C:\Windows\System32\ucrtbase.dll
0x00007ff8a0fa0000 - 0x00007ff8a0fb9000 	c:\Users\BCD\.vscode\extensions\redhat.java-1.11.0-win32-x64\jre\17.0.4.1-win32-x86_64\bin\VCRUNTIME140.dll
0x00007ff8a1030000 - 0x00007ff8a1048000 	c:\Users\BCD\.vscode\extensions\redhat.java-1.11.0-win32-x64\jre\17.0.4.1-win32-x86_64\bin\jli.dll
0x00007ff8bace0000 - 0x00007ff8bae7d000 	C:\Windows\System32\USER32.dll
0x00007ff8ba620000 - 0x00007ff8ba642000 	C:\Windows\System32\win32u.dll
0x00007ff8bb680000 - 0x00007ff8bb6ab000 	C:\Windows\System32\GDI32.dll
0x00007ff8ba650000 - 0x00007ff8ba75f000 	C:\Windows\System32\gdi32full.dll
0x00007ff8ba0f0000 - 0x00007ff8ba18d000 	C:\Windows\System32\msvcp_win.dll
0x00007ff8a3080000 - 0x00007ff8a331a000 	C:\Windows\WinSxS\amd64_microsoft.windows.common-controls_6595b64144ccf1df_6.0.19041.1110_none_60b5254171f9507e\COMCTL32.dll
0x00007ff8bb910000 - 0x00007ff8bb9ae000 	C:\Windows\System32\msvcrt.dll
0x00007ff8bb0f0000 - 0x00007ff8bb120000 	C:\Windows\System32\IMM32.DLL
0x00007ff8a5970000 - 0x00007ff8a597c000 	c:\Users\BCD\.vscode\extensions\redhat.java-1.11.0-win32-x64\jre\17.0.4.1-win32-x86_64\bin\vcruntime140_1.dll
0x00007ff880400000 - 0x00007ff880491000 	c:\Users\BCD\.vscode\extensions\redhat.java-1.11.0-win32-x64\jre\17.0.4.1-win32-x86_64\bin\msvcp140.dll
0x00007ff840f30000 - 0x00007ff841b76000 	c:\Users\BCD\.vscode\extensions\redhat.java-1.11.0-win32-x64\jre\17.0.4.1-win32-x86_64\bin\server\jvm.dll
0x00007ff8bc640000 - 0x00007ff8bc6ee000 	C:\Windows\System32\ADVAPI32.dll
0x00007ff8bb480000 - 0x00007ff8bb51c000 	C:\Windows\System32\sechost.dll
0x00007ff8bafb0000 - 0x00007ff8bb0d5000 	C:\Windows\System32\RPCRT4.dll
0x00007ff8bb580000 - 0x00007ff8bb588000 	C:\Windows\System32\PSAPI.DLL
0x00007ff8915e0000 - 0x00007ff8915e9000 	C:\Windows\SYSTEM32\WSOCK32.dll
0x00007ff8bc5d0000 - 0x00007ff8bc63b000 	C:\Windows\System32\WS2_32.dll
0x00007ff8a21c0000 - 0x00007ff8a21e7000 	C:\Windows\SYSTEM32\WINMM.dll
0x00007ff8adde0000 - 0x00007ff8addea000 	C:\Windows\SYSTEM32\VERSION.dll
0x00007ff8b8710000 - 0x00007ff8b8722000 	C:\Windows\SYSTEM32\kernel.appcore.dll
0x00007ff8a0f90000 - 0x00007ff8a0f9a000 	c:\Users\BCD\.vscode\extensions\redhat.java-1.11.0-win32-x64\jre\17.0.4.1-win32-x86_64\bin\jimage.dll
0x00007ff8b4ae0000 - 0x00007ff8b4cc4000 	C:\Windows\SYSTEM32\DBGHELP.DLL
0x00007ff8a53d0000 - 0x00007ff8a53fc000 	C:\Windows\SYSTEM32\dbgcore.DLL
0x00007ff8b9ec0000 - 0x00007ff8b9f42000 	C:\Windows\System32\bcryptPrimitives.dll
0x00007ff89d970000 - 0x00007ff89d97e000 	c:\Users\BCD\.vscode\extensions\redhat.java-1.11.0-win32-x64\jre\17.0.4.1-win32-x86_64\bin\instrument.dll
0x00007ff8966f0000 - 0x00007ff896715000 	c:\Users\BCD\.vscode\extensions\redhat.java-1.11.0-win32-x64\jre\17.0.4.1-win32-x86_64\bin\java.dll
0x00007ff881250000 - 0x00007ff881268000 	c:\Users\BCD\.vscode\extensions\redhat.java-1.11.0-win32-x64\jre\17.0.4.1-win32-x86_64\bin\zip.dll
0x00007ff8bb9b0000 - 0x00007ff8bc0f3000 	C:\Windows\System32\SHELL32.dll
0x00007ff8b7f30000 - 0x00007ff8b86c1000 	C:\Windows\SYSTEM32\windows.storage.dll
0x00007ff8bb120000 - 0x00007ff8bb474000 	C:\Windows\System32\combase.dll
0x00007ff8b9840000 - 0x00007ff8b9870000 	C:\Windows\SYSTEM32\Wldp.dll
0x00007ff8bb850000 - 0x00007ff8bb8fd000 	C:\Windows\System32\SHCORE.dll
0x00007ff8bc570000 - 0x00007ff8bc5c5000 	C:\Windows\System32\shlwapi.dll
0x00007ff8b9e00000 - 0x00007ff8b9e1f000 	C:\Windows\SYSTEM32\profapi.dll
0x00007ff8876d0000 - 0x00007ff8876e9000 	C:\Users\BCD\.vscode\extensions\redhat.java-1.11.0-win32-x64\jre\17.0.4.1-win32-x86_64\bin\net.dll
0x00007ff8a7af0000 - 0x00007ff8a7bfd000 	C:\Windows\SYSTEM32\WINHTTP.dll
0x00007ff8b95a0000 - 0x00007ff8b960a000 	C:\Windows\system32\mswsock.dll
0x00007ff882600000 - 0x00007ff882615000 	C:\Users\BCD\.vscode\extensions\redhat.java-1.11.0-win32-x64\jre\17.0.4.1-win32-x86_64\bin\nio.dll
0x00007ff89d960000 - 0x00007ff89d970000 	c:\Users\BCD\.vscode\extensions\redhat.java-1.11.0-win32-x64\jre\17.0.4.1-win32-x86_64\bin\verify.dll

dbghelp: loaded successfully - version: 4.0.5 - missing functions: none
symbol engine: initialized successfully - sym options: 0x614 - pdb path: .;c:\Users\BCD\.vscode\extensions\redhat.java-1.11.0-win32-x64\jre\17.0.4.1-win32-x86_64\bin;C:\Windows\SYSTEM32;C:\Windows\WinSxS\amd64_microsoft.windows.common-controls_6595b64144ccf1df_6.0.19041.1110_none_60b5254171f9507e;c:\Users\BCD\.vscode\extensions\redhat.java-1.11.0-win32-x64\jre\17.0.4.1-win32-x86_64\bin\server

VM Arguments:
jvm_args: --add-modules=ALL-SYSTEM --add-opens=java.base/java.util=ALL-UNNAMED --add-opens=java.base/java.lang=ALL-UNNAMED --add-opens=java.base/sun.nio.fs=ALL-UNNAMED -Declipse.application=org.eclipse.jdt.ls.core.id1 -Dosgi.bundles.defaultStartLevel=4 -Declipse.product=org.eclipse.jdt.ls.core.product -Djava.import.generatesMetadataFilesAtProjectRoot=false -Dfile.encoding=utf8 -DwatchParentProcess=false -XX:+UseParallelGC -XX:GCTimeRatio=4 -XX:AdaptiveSizePolicyWeight=90 -Dsun.zip.disableMemoryMapping=true -Xmx1G -Xms100m -Xlog:disable -javaagent:c:\Users\BCD\.vscode\extensions\redhat.java-1.11.0-win32-x64\lombok\lombok-1.18.24.jar 
java_command: c:\Users\BCD\.vscode\extensions\redhat.java-1.11.0-win32-x64\server\plugins\org.eclipse.equinox.launcher_1.6.400.v20210924-0641.jar -configuration c:\Users\BCD\AppData\Roaming\Code\User\globalStorage\redhat.java\1.11.0\config_ss_win -data c:\Users\BCD\AppData\Roaming\Code\User\workspaceStorage\eb5978d155c3014e01dbfc04f1fa3a00\redhat.java\ss_ws
java_class_path (initial): c:\Users\BCD\.vscode\extensions\redhat.java-1.11.0-win32-x64\server\plugins\org.eclipse.equinox.launcher_1.6.400.v20210924-0641.jar
Launcher Type: SUN_STANDARD

[Global flags]
    uintx AdaptiveSizePolicyWeight                 = 90                                        {product} {command line}
     intx CICompilerCount                          = 3                                         {product} {ergonomic}
    uintx GCTimeRatio                              = 4                                         {product} {command line}
   size_t InitialHeapSize                          = 104857600                                 {product} {command line}
   size_t MaxHeapSize                              = 1073741824                                {product} {command line}
   size_t MaxNewSize                               = 357564416                                 {product} {ergonomic}
   size_t MinHeapDeltaBytes                        = 524288                                    {product} {ergonomic}
   size_t MinHeapSize                              = 104857600                                 {product} {command line}
   size_t NewSize                                  = 34603008                                  {product} {ergonomic}
    uintx NonNMethodCodeHeapSize                   = 5832780                                {pd product} {ergonomic}
    uintx NonProfiledCodeHeapSize                  = 122912730                              {pd product} {ergonomic}
   size_t OldSize                                  = 70254592                                  {product} {ergonomic}
    uintx ProfiledCodeHeapSize                     = 122912730                              {pd product} {ergonomic}
    uintx ReservedCodeCacheSize                    = 251658240                              {pd product} {ergonomic}
     bool SegmentedCodeCache                       = true                                      {product} {ergonomic}
   size_t SoftMaxHeapSize                          = 1073741824                             {manageable} {ergonomic}
     bool UseCompressedClassPointers               = true                           {product lp64_product} {ergonomic}
     bool UseCompressedOops                        = true                           {product lp64_product} {ergonomic}
     bool UseLargePagesIndividualAllocation        = false                                  {pd product} {ergonomic}
     bool UseParallelGC                            = true                                      {product} {command line}

Logging:
Log output configuration:
 #0: stdout all=off uptime,level,tags
 #1: stderr all=off uptime,level,tags

Environment Variables:
JAVA_HOME=C:\Program Files\Eclipse Adoptium\jdk-17.0.4.101-hotspot\
PATH=C:\Program Files\Eclipse Adoptium\jdk-17.0.4.101-hotspot\bin;C:\Program Files (x86)\Common Files\Oracle\Java\javapath;C:\Python310\Scripts\;C:\Python310\;C:\Windows\system32;C:\Windows;C:\Windows\System32\Wbem;C:\Windows\System32\WindowsPowerShell\v1.0\;C:\Windows\System32\OpenSSH\;C:\Program Files\nodejs\;C:\ProgramData\chocolatey\bin;C:\Users\BCD\AppData\Local\Programs\mongosh\mongosh.exe;C:\Program Files\Docker\Docker\resources\bin;C:\ProgramData\DockerDesktop\version-bin;C:\Program Files\PuTTY\;C:\Program Files\Git\cmd;C:\Users\BCD\AppData\Local\Microsoft\WindowsApps;;C:\Users\BCD\AppData\Roaming\npm;C:\Users\BCD\AppData\Local\Programs\mongosh\;C:\Users\BCD\AppData\Local\Programs\Microsoft VS Code\bin
USERNAME=BCD
OS=Windows_NT
PROCESSOR_IDENTIFIER=Intel64 Family 6 Model 78 Stepping 3, GenuineIntel
TMP=C:\Users\BCD\AppData\Local\Temp
TEMP=C:\Users\BCD\AppData\Local\Temp



---------------  S Y S T E M  ---------------

OS:
 Windows 10 , 64 bit Build 19041 (10.0.19041.1889)
OS uptime: 2 days 14:56 hours

CPU: total 4 (initial active 4) (2 cores per cpu, 2 threads per core) family 6 model 78 stepping 3 microcode 0xcc, cx8, cmov, fxsr, ht, mmx, 3dnowpref, sse, sse2, sse3, ssse3, sse4.1, sse4.2, popcnt, lzcnt, tsc, tscinvbit, avx, avx2, aes, erms, clmul, bmi1, bmi2, rtm, adx, fma, vzeroupper, clflush, clflushopt

Memory: 4k page, system-wide physical 8072M (231M free)
TotalPageFile size 30759M (AvailPageFile size 187M)
current process WorkingSet (physical memory assigned to process): 42M, peak: 42M
current process commit charge ("private bytes"): 175M, peak: 175M

vm_info: OpenJDK 64-Bit Server VM (17.0.4.1+1) for windows-amd64 JRE (17.0.4.1+1), built on Aug 17 2022 07:42:43 by "temurin" with MS VC++ 16.7 (VS2019)

END.
